#
# There is insufficient memory for the Java Runtime Environment to continue.
# Native memory allocation (mmap) failed to map 274726912 bytes for committing reserved memory.
# Possible reasons:
#   The system is out of physical RAM or swap space
#   The process is running with CompressedOops enabled, and the Java Heap may be blocking the growth of the native heap
# Possible solutions:
#   Reduce memory load on the system
#   Increase physical memory or swap space
#   Check if swap backing store is full
#   Decrease Java heap size (-Xmx/-Xms)
#   Decrease number of Java threads
#   Decrease Java thread stack sizes (-Xss)
#   Set larger code cache with -XX:ReservedCodeCacheSize=
#   JVM is running with Unscaled Compressed Oops mode in which the Java heap is
#     placed in the first 4GB address space. The Java Heap base address is the
#     maximum limit for the native heap growth. Please use -XX:HeapBaseMinAddress
#     to set the Java Heap base and to place the Java Heap above 4GB virtual address.
# This output file may be truncated or incomplete.
#
#  Out of Memory Error (os_linux.cpp:2913), pid=6426, tid=6436
#
# JRE version: OpenJDK Runtime Environment (11.0.10) (build 11.0.10+0-b96-7249189)
# Java VM: OpenJDK 64-Bit Server VM (11.0.10+0-b96-7249189, mixed mode, tiered, compressed oops, g1 gc, linux-amd64)
# Core dump will be written. Default location: Core dumps may be processed with "/usr/share/apport/apport %p %s %c %d %P" (or dumping to /home/emobilis/AndroidStudioProjects/MedPatApp/core.6426)
#

---------------  S U M M A R Y ------------

Command Line: --add-opens=java.base/java.util=ALL-UNNAMED --add-opens=java.base/java.lang=ALL-UNNAMED --add-opens=java.base/java.lang.invoke=ALL-UNNAMED --add-opens=java.base/java.util=ALL-UNNAMED --add-opens=java.prefs/java.util.prefs=ALL-UNNAMED --add-opens=java.prefs/java.util.prefs=ALL-UNNAMED --add-opens=java.base/java.nio.charset=ALL-UNNAMED --add-opens=java.base/java.net=ALL-UNNAMED --add-opens=java.base/java.util.concurrent.atomic=ALL-UNNAMED -Xmx2048m -Dfile.encoding=UTF-8 -Duser.country=US -Duser.language=en -Duser.variant org.gradle.launcher.daemon.bootstrap.GradleDaemon 7.0.2

Host: Intel(R) Core(TM)2 Duo CPU     E7500  @ 2.93GHz, 2 cores, 3G, Linux Mint 19 Tara
Time: Fri Jan 14 13:32:03 2022 EAT elapsed time: 194.719098 seconds (0d 0h 3m 14s)

---------------  T H R E A D  ---------------

Current thread (0x00007fcc14106000):  VMThread "VM Thread" [stack: 0x00007fcc0004b000,0x00007fcc0014b000] [id=6436]

Stack: [0x00007fcc0004b000,0x00007fcc0014b000],  sp=0x00007fcc00148e90,  free space=1015k
Native frames: (J=compiled Java code, A=aot compiled Java code, j=interpreted, Vv=VM code, C=native code)
V  [libjvm.so+0xc2d07f]  VMError::report_and_die(int, char const*, char const*, __va_list_tag*, Thread*, unsigned char*, void*, void*, char const*, int, unsigned long)+0x7df
V  [libjvm.so+0xc2d67a]  VMError::report_and_die(Thread*, char const*, int, unsigned long, VMErrorType, char const*, __va_list_tag*)+0x3a
V  [libjvm.so+0x5f34aa]  report_vm_out_of_memory(char const*, int, unsigned long, VMErrorType, char const*, ...)+0xba
V  [libjvm.so+0xa80f33]  os::Linux::commit_memory_impl(char*, unsigned long, bool)+0xe3
V  [libjvm.so+0xa810c7]  os::pd_commit_memory_or_exit(char*, unsigned long, unsigned long, bool, char const*)+0x27
V  [libjvm.so+0xa79898]  os::commit_memory_or_exit(char*, unsigned long, unsigned long, bool, char const*)+0x18
V  [libjvm.so+0x6cbf45]  G1PageBasedVirtualSpace::commit_internal(unsigned long, unsigned long)+0x195
V  [libjvm.so+0x6cc1bf]  G1PageBasedVirtualSpace::commit(unsigned long, unsigned long)+0x14f
V  [libjvm.so+0x6d2062]  G1RegionsLargerThanCommitSizeMapper::commit_regions(unsigned int, unsigned long, WorkGang*)+0x42
V  [libjvm.so+0x738078]  HeapRegionManager::commit_regions(unsigned int, unsigned long, WorkGang*)+0xb8
V  [libjvm.so+0x738325]  HeapRegionManager::make_regions_available(unsigned int, unsigned int, WorkGang*)+0x65
V  [libjvm.so+0x738801]  HeapRegionManager::expand_at(unsigned int, unsigned int, WorkGang*)+0x111
V  [libjvm.so+0x696751]  G1CollectedHeap::expand(unsigned long, WorkGang*, double*)+0xd1
V  [libjvm.so+0x69d07f]  G1CollectedHeap::do_collection_pause_at_safepoint(double)+0xaef
V  [libjvm.so+0xc35251]  VM_G1CollectForAllocation::doit()+0xc1
V  [libjvm.so+0xc2ea96]  VM_Operation::evaluate()+0xc6
V  [libjvm.so+0xc34627]  VMThread::evaluate_operation(VM_Operation*)+0x117
V  [libjvm.so+0xc341b0]  VMThread::loop()+0x450
V  [libjvm.so+0xc33c6f]  VMThread::run()+0x6f
V  [libjvm.so+0xbca448]  Thread::call_run()+0x68
V  [libjvm.so+0xa7d25e]  thread_native_entry(Thread*)+0x1be

VM_Operation (0x00007fcbbe73a0c0): G1CollectForAllocation, mode: safepoint, requested by thread 0x00007fcbd400c000


---------------  P R O C E S S  ---------------

Threads class SMR info:
_java_thread_list=0x00007fcbe0000f30, length=37, elements={
0x00007fcc14017000, 0x00007fcc1410e800, 0x00007fcc14113000, 0x00007fcc14129000,
0x00007fcc1412b000, 0x00007fcc1412d000, 0x00007fcc1412f000, 0x00007fcc14131000,
0x00007fcc141a6000, 0x00007fcc152ad000, 0x00007fcc1531a000, 0x00007fcc15346000,
0x00007fcbcc257800, 0x00007fcbd4006000, 0x00007fcbd4009000, 0x00007fcbd400c000,
0x00007fcbd8007000, 0x00007fcbd8017800, 0x00007fcbd8173000, 0x00007fcbd8181800,
0x00007fcbd8208800, 0x00007fcbd8649000, 0x00007fcbd8672000, 0x00007fcbd8678800,
0x00007fcbd8690000, 0x00007fcbd8699000, 0x00007fcbd879f000, 0x00007fcbd87d3800,
0x00007fcbd884a800, 0x00007fcbd888e800, 0x00007fcbd8ada800, 0x00007fcbd8f44000,
0x00007fcbd83c4000, 0x00007fcbd8c47000, 0x00007fcbd8c48800, 0x00007fcbd98fb800,
0x00007fcbd9d8e000
}

Java Threads: ( => current thread )
  0x00007fcc14017000 JavaThread "main" [_thread_blocked, id=6430, stack(0x00007fcc1b828000,0x00007fcc1b929000)]
  0x00007fcc1410e800 JavaThread "Reference Handler" daemon [_thread_blocked, id=6437, stack(0x00007fcbed6ff000,0x00007fcbed800000)]
  0x00007fcc14113000 JavaThread "Finalizer" daemon [_thread_blocked, id=6438, stack(0x00007fcbed5fe000,0x00007fcbed6ff000)]
  0x00007fcc14129000 JavaThread "Signal Dispatcher" daemon [_thread_blocked, id=6439, stack(0x00007fcbed0ee000,0x00007fcbed1ef000)]
  0x00007fcc1412b000 JavaThread "Service Thread" daemon [_thread_blocked, id=6440, stack(0x00007fcbecfed000,0x00007fcbed0ee000)]
  0x00007fcc1412d000 JavaThread "C2 CompilerThread0" daemon [_thread_blocked, id=6441, stack(0x00007fcbeceec000,0x00007fcbecfed000)]
  0x00007fcc1412f000 JavaThread "C1 CompilerThread0" daemon [_thread_blocked, id=6442, stack(0x00007fcbecdeb000,0x00007fcbeceec000)]
  0x00007fcc14131000 JavaThread "Sweeper thread" daemon [_thread_blocked, id=6443, stack(0x00007fcbeccea000,0x00007fcbecdeb000)]
  0x00007fcc141a6000 JavaThread "Common-Cleaner" daemon [_thread_blocked, id=6444, stack(0x00007fcbecbe9000,0x00007fcbeccea000)]
  0x00007fcc152ad000 JavaThread "Daemon health stats" [_thread_blocked, id=6447, stack(0x00007fcbec064000,0x00007fcbec165000)]
  0x00007fcc1531a000 JavaThread "Incoming local TCP Connector on port 46635" [_thread_in_native, id=6448, stack(0x00007fcbbed4b000,0x00007fcbbee4c000)]
  0x00007fcc15346000 JavaThread "Daemon periodic checks" [_thread_blocked, id=6449, stack(0x00007fcbbec4a000,0x00007fcbbed4b000)]
  0x00007fcbcc257800 JavaThread "Daemon" [_thread_blocked, id=6450, stack(0x00007fcbbeb49000,0x00007fcbbec4a000)]
  0x00007fcbd4006000 JavaThread "Handler for socket connection from /127.0.0.1:46635 to /127.0.0.1:36154" [_thread_in_native, id=6451, stack(0x00007fcbbe848000,0x00007fcbbe949000)]
  0x00007fcbd4009000 JavaThread "Cancel handler" [_thread_blocked, id=6452, stack(0x00007fcbbe747000,0x00007fcbbe848000)]
  0x00007fcbd400c000 JavaThread "Daemon worker" [_thread_blocked, id=6453, stack(0x00007fcbbe646000,0x00007fcbbe747000)]
  0x00007fcbd8007000 JavaThread "Asynchronous log dispatcher for DefaultDaemonConnection: socket connection from /127.0.0.1:46635 to /127.0.0.1:36154" [_thread_blocked, id=6456, stack(0x00007fcbbe545000,0x00007fcbbe646000)]
  0x00007fcbd8017800 JavaThread "Daemon client event forwarder" [_thread_blocked, id=6458, stack(0x00007fcbbe343000,0x00007fcbbe444000)]
  0x00007fcbd8173000 JavaThread "Cache worker for file hash cache (/home/emobilis/.gradle/caches/7.0.2/fileHashes)" [_thread_blocked, id=6459, stack(0x00007fcbbe042000,0x00007fcbbe143000)]
  0x00007fcbd8181800 JavaThread "File lock request listener" [_thread_in_native, id=6460, stack(0x00007fcbbdf41000,0x00007fcbbe042000)]
  0x00007fcbd8208800 JavaThread "Cache worker for journal cache (/home/emobilis/.gradle/caches/journal-1)" [_thread_blocked, id=6461, stack(0x00007fcbbdc40000,0x00007fcbbdd41000)]
  0x00007fcbd8649000 JavaThread "Cache worker for file hash cache (/home/emobilis/AndroidStudioProjects/MedPatApp/.gradle/7.0.2/fileHashes)" [_thread_blocked, id=6462, stack(0x00007fcbbd93f000,0x00007fcbbda40000)]
  0x00007fcbd8672000 JavaThread "File watcher server" daemon [_thread_in_native, id=6463, stack(0x00007fcbbd83e000,0x00007fcbbd93f000)]
  0x00007fcbd8678800 JavaThread "File watcher consumer" daemon [_thread_blocked, id=6464, stack(0x00007fcbbd73d000,0x00007fcbbd83e000)]
  0x00007fcbd8690000 JavaThread "jar transforms" [_thread_blocked, id=6465, stack(0x00007fcbbd43c000,0x00007fcbbd53d000)]
  0x00007fcbd8699000 JavaThread "jar transforms Thread 2" [_thread_blocked, id=6466, stack(0x00007fcbbd33b000,0x00007fcbbd43c000)]
  0x00007fcbd879f000 JavaThread "Cache worker for checksums cache (/home/emobilis/AndroidStudioProjects/MedPatApp/.gradle/checksums)" [_thread_blocked, id=6468, stack(0x00007fcbbd23a000,0x00007fcbbd33b000)]
  0x00007fcbd87d3800 JavaThread "Cache worker for cache directory md-supplier (/home/emobilis/.gradle/caches/7.0.2/md-supplier)" [_thread_blocked, id=6469, stack(0x00007fcbbd139000,0x00007fcbbd23a000)]
  0x00007fcbd884a800 JavaThread "Cache worker for cache directory md-rule (/home/emobilis/.gradle/caches/7.0.2/md-rule)" [_thread_blocked, id=6470, stack(0x00007fcbbce38000,0x00007fcbbcf39000)]
  0x00007fcbd888e800 JavaThread "Cache worker for execution history cache (/home/emobilis/.gradle/caches/7.0.2/executionHistory)" [_thread_blocked, id=6471, stack(0x00007fcbbcd37000,0x00007fcbbce38000)]
  0x00007fcbd8ada800 JavaThread "Cache worker for file content cache (/home/emobilis/.gradle/caches/7.0.2/fileContent)" [_thread_blocked, id=6472, stack(0x00007fcbbc436000,0x00007fcbbc537000)]
  0x00007fcbd8f44000 JavaThread "Cache worker for dependencies-accessors (/home/emobilis/AndroidStudioProjects/MedPatApp/.gradle/7.0.2/dependencies-accessors)" [_thread_blocked, id=6473, stack(0x00007fcbbbd35000,0x00007fcbbbe36000)]
  0x00007fcbd83c4000 JavaThread "Cache worker for Build Output Cleanup Cache (/home/emobilis/AndroidStudioProjects/MedPatApp/.gradle/buildOutputCleanup)" [_thread_blocked, id=6474, stack(0x00007fcbbbc34000,0x00007fcbbbd35000)]
  0x00007fcbd8c47000 JavaThread "Build operations" [_thread_blocked, id=6475, stack(0x00007fcbbb733000,0x00007fcbbb834000)]
  0x00007fcbd8c48800 JavaThread "Build operations Thread 2" [_thread_blocked, id=6476, stack(0x00007fcbbb632000,0x00007fcbbb733000)]
  0x00007fcbd98fb800 JavaThread "Memory manager" [_thread_blocked, id=6477, stack(0x00007fcbbad31000,0x00007fcbbae32000)]
  0x00007fcbd9d8e000 JavaThread "pool-3-thread-1" [_thread_blocked, id=6478, stack(0x00007fcbb9c30000,0x00007fcbb9d31000)]

Other Threads:
=>0x00007fcc14106000 VMThread "VM Thread" [stack: 0x00007fcc0004b000,0x00007fcc0014b000] [id=6436]
  0x00007fcc141ab800 WatcherThread [stack: 0x00007fcbecae9000,0x00007fcbecbe9000] [id=6445]
  0x00007fcc1402e800 GCTaskThread "GC Thread#0" [stack: 0x00007fcc18122000,0x00007fcc18222000] [id=6431]
  0x00007fcbe4001000 GCTaskThread "GC Thread#1" [stack: 0x00007fcbec5c2000,0x00007fcbec6c2000] [id=6446]
  0x00007fcc14061800 ConcurrentGCThread "G1 Main Marker" [stack: 0x00007fcc00731000,0x00007fcc00831000] [id=6432]
  0x00007fcc14063000 ConcurrentGCThread "G1 Conc#0" [stack: 0x00007fcc0062f000,0x00007fcc0072f000] [id=6433]
  0x00007fcc140a0800 ConcurrentGCThread "G1 Refine#0" [stack: 0x00007fcc0032b000,0x00007fcc0042b000] [id=6434]
  0x00007fcc140a2000 ConcurrentGCThread "G1 Young RemSet Sampling" [stack: 0x00007fcc00229000,0x00007fcc00329000] [id=6435]

Threads with active compile tasks:
C2 CompilerThread0 201843 11105       4       kotlin.reflect.jvm.internal.impl.protobuf.ByteString::newOutput (11 bytes)

VM state:at safepoint (normal execution)

VM Mutex/Monitor currently owned by a thread:  ([mutex/lock_event])
[0x00007fcc14013130] Threads_lock - owner thread: 0x00007fcc14106000
[0x00007fcc14013910] Heap_lock - owner thread: 0x00007fcbd400c000

Heap address: 0x0000000080000000, size: 2048 MB, Compressed Oops mode: 32-bit
Narrow klass base: 0x0000000000000000, Narrow klass shift: 3
Compressed class space size: 1073741824 Address: 0x0000000100000000

Heap:
 garbage-first heap   total 485376K, used 109865K [0x0000000080000000, 0x0000000100000000)
  region size 1024K, 2 young (2048K), 2 survivors (2048K)
 Metaspace       used 100391K, capacity 102899K, committed 103296K, reserved 1138688K
  class space    used 12718K, capacity 13643K, committed 13696K, reserved 1048576K
Heap Regions: E=young(eden), S=young(survivor), O=old, HS=humongous(starts), HC=humongous(continues), CS=collection set, F=free, A=archive, TAMS=top-at-mark-start (previous, next)
|   0|0x0000000080000000, 0x0000000080100000, 0x0000000080100000|100%| O|  |TAMS 0x0000000080100000, 0x0000000080100000| Untracked 
|   1|0x0000000080100000, 0x0000000080200000, 0x0000000080200000|100%| O|  |TAMS 0x0000000080200000, 0x0000000080200000| Untracked 
|   2|0x0000000080200000, 0x0000000080300000, 0x0000000080300000|100%| O|  |TAMS 0x0000000080300000, 0x0000000080300000| Untracked 
|   3|0x0000000080300000, 0x0000000080400000, 0x0000000080400000|100%| O|  |TAMS 0x0000000080400000, 0x0000000080400000| Untracked 
|   4|0x0000000080400000, 0x0000000080500000, 0x0000000080500000|100%|HS|  |TAMS 0x0000000080500000, 0x0000000080500000| Complete 
|   5|0x0000000080500000, 0x0000000080600000, 0x0000000080600000|100%|HC|  |TAMS 0x0000000080600000, 0x0000000080600000| Complete 
|   6|0x0000000080600000, 0x0000000080700000, 0x0000000080700000|100%|HC|  |TAMS 0x0000000080700000, 0x0000000080700000| Complete 
|   7|0x0000000080700000, 0x0000000080800000, 0x0000000080800000|100%| O|  |TAMS 0x0000000080800000, 0x0000000080800000| Untracked 
|   8|0x0000000080800000, 0x0000000080900000, 0x0000000080900000|100%| O|  |TAMS 0x0000000080900000, 0x0000000080900000| Untracked 
|   9|0x0000000080900000, 0x0000000080a00000, 0x0000000080a00000|100%| O|  |TAMS 0x0000000080a00000, 0x0000000080a00000| Untracked 
|  10|0x0000000080a00000, 0x0000000080b00000, 0x0000000080b00000|100%| O|  |TAMS 0x0000000080b00000, 0x0000000080b00000| Untracked 
|  11|0x0000000080b00000, 0x0000000080c00000, 0x0000000080c00000|100%| O|  |TAMS 0x0000000080c00000, 0x0000000080c00000| Untracked 
|  12|0x0000000080c00000, 0x0000000080d00000, 0x0000000080d00000|100%| O|  |TAMS 0x0000000080d00000, 0x0000000080d00000| Untracked 
|  13|0x0000000080d00000, 0x0000000080e00000, 0x0000000080e00000|100%| O|  |TAMS 0x0000000080e00000, 0x0000000080e00000| Untracked 
|  14|0x0000000080e00000, 0x0000000080f00000, 0x0000000080f00000|100%| O|  |TAMS 0x0000000080f00000, 0x0000000080f00000| Untracked 
|  15|0x0000000080f00000, 0x0000000081000000, 0x0000000081000000|100%| O|  |TAMS 0x0000000081000000, 0x0000000081000000| Untracked 
|  16|0x0000000081000000, 0x0000000081100000, 0x0000000081100000|100%|HS|  |TAMS 0x0000000081100000, 0x0000000081100000| Complete 
|  17|0x0000000081100000, 0x0000000081200000, 0x0000000081200000|100%|HC|  |TAMS 0x0000000081200000, 0x0000000081200000| Complete 
|  18|0x0000000081200000, 0x0000000081300000, 0x0000000081300000|100%|HS|  |TAMS 0x0000000081300000, 0x0000000081300000| Complete 
|  19|0x0000000081300000, 0x0000000081400000, 0x0000000081400000|100%|HC|  |TAMS 0x0000000081400000, 0x0000000081400000| Complete 
|  20|0x0000000081400000, 0x0000000081500000, 0x0000000081500000|100%|HC|  |TAMS 0x0000000081500000, 0x0000000081500000| Complete 
|  21|0x0000000081500000, 0x0000000081600000, 0x0000000081600000|100%|HS|  |TAMS 0x0000000081600000, 0x0000000081600000| Complete 
|  22|0x0000000081600000, 0x0000000081700000, 0x0000000081700000|100%|HC|  |TAMS 0x0000000081700000, 0x0000000081700000| Complete 
|  23|0x0000000081700000, 0x0000000081800000, 0x0000000081800000|100%|HC|  |TAMS 0x0000000081800000, 0x0000000081800000| Complete 
|  24|0x0000000081800000, 0x0000000081900000, 0x0000000081900000|100%|HC|  |TAMS 0x0000000081900000, 0x0000000081900000| Complete 
|  25|0x0000000081900000, 0x0000000081a00000, 0x0000000081a00000|100%|HC|  |TAMS 0x0000000081a00000, 0x0000000081a00000| Complete 
|  26|0x0000000081a00000, 0x0000000081b00000, 0x0000000081b00000|100%| O|  |TAMS 0x0000000081b00000, 0x0000000081b00000| Untracked 
|  27|0x0000000081b00000, 0x0000000081c00000, 0x0000000081c00000|100%| O|  |TAMS 0x0000000081c00000, 0x0000000081c00000| Untracked 
|  28|0x0000000081c00000, 0x0000000081d00000, 0x0000000081d00000|100%| O|  |TAMS 0x0000000081d00000, 0x0000000081d00000| Untracked 
|  29|0x0000000081d00000, 0x0000000081e00000, 0x0000000081e00000|100%| O|  |TAMS 0x0000000081e00000, 0x0000000081e00000| Untracked 
|  30|0x0000000081e00000, 0x0000000081f00000, 0x0000000081f00000|100%| O|  |TAMS 0x0000000081f00000, 0x0000000081f00000| Untracked 
|  31|0x0000000081f00000, 0x0000000082000000, 0x0000000082000000|100%| O|  |TAMS 0x0000000082000000, 0x0000000082000000| Untracked 
|  32|0x0000000082000000, 0x0000000082100000, 0x0000000082100000|100%| O|  |TAMS 0x0000000082100000, 0x0000000082100000| Untracked 
|  33|0x0000000082100000, 0x0000000082200000, 0x0000000082200000|100%| O|  |TAMS 0x0000000082200000, 0x0000000082200000| Untracked 
|  34|0x0000000082200000, 0x0000000082300000, 0x0000000082300000|100%| O|  |TAMS 0x0000000082300000, 0x0000000082300000| Untracked 
|  35|0x0000000082300000, 0x0000000082400000, 0x0000000082400000|100%| O|  |TAMS 0x0000000082400000, 0x0000000082400000| Untracked 
|  36|0x0000000082400000, 0x0000000082500000, 0x0000000082500000|100%| O|  |TAMS 0x0000000082500000, 0x0000000082500000| Untracked 
|  37|0x0000000082500000, 0x0000000082600000, 0x0000000082600000|100%| O|  |TAMS 0x0000000082600000, 0x0000000082600000| Untracked 
|  38|0x0000000082600000, 0x0000000082700000, 0x0000000082700000|100%| O|  |TAMS 0x0000000082700000, 0x0000000082700000| Untracked 
|  39|0x0000000082700000, 0x0000000082800000, 0x0000000082800000|100%| O|  |TAMS 0x0000000082800000, 0x0000000082800000| Untracked 
|  40|0x0000000082800000, 0x0000000082900000, 0x0000000082900000|100%| O|  |TAMS 0x0000000082900000, 0x0000000082900000| Untracked 
|  41|0x0000000082900000, 0x0000000082a00000, 0x0000000082a00000|100%| O|  |TAMS 0x0000000082a00000, 0x0000000082a00000| Untracked 
|  42|0x0000000082a00000, 0x0000000082b00000, 0x0000000082b00000|100%|HS|  |TAMS 0x0000000082b00000, 0x0000000082b00000| Complete 
|  43|0x0000000082b00000, 0x0000000082c00000, 0x0000000082c00000|100%|HC|  |TAMS 0x0000000082c00000, 0x0000000082c00000| Complete 
|  44|0x0000000082c00000, 0x0000000082d00000, 0x0000000082d00000|100%|HC|  |TAMS 0x0000000082d00000, 0x0000000082d00000| Complete 
|  45|0x0000000082d00000, 0x0000000082e00000, 0x0000000082e00000|100%|HC|  |TAMS 0x0000000082e00000, 0x0000000082e00000| Complete 
|  46|0x0000000082e00000, 0x0000000082f00000, 0x0000000082f00000|100%|HC|  |TAMS 0x0000000082f00000, 0x0000000082f00000| Complete 
|  47|0x0000000082f00000, 0x0000000083000000, 0x0000000083000000|100%|HS|  |TAMS 0x0000000083000000, 0x0000000083000000| Complete 
|  48|0x0000000083000000, 0x0000000083100000, 0x0000000083100000|100%|HC|  |TAMS 0x0000000083100000, 0x0000000083100000| Complete 
|  49|0x0000000083100000, 0x0000000083200000, 0x0000000083200000|100%|HC|  |TAMS 0x0000000083200000, 0x0000000083200000| Complete 
|  50|0x0000000083200000, 0x0000000083300000, 0x0000000083300000|100%| O|  |TAMS 0x0000000083300000, 0x0000000083300000| Untracked 
|  51|0x0000000083300000, 0x0000000083400000, 0x0000000083400000|100%| O|  |TAMS 0x0000000083400000, 0x0000000083400000| Untracked 
|  52|0x0000000083400000, 0x0000000083500000, 0x0000000083500000|100%| O|  |TAMS 0x0000000083500000, 0x0000000083500000| Untracked 
|  53|0x0000000083500000, 0x0000000083600000, 0x0000000083600000|100%| O|  |TAMS 0x0000000083600000, 0x0000000083600000| Untracked 
|  54|0x0000000083600000, 0x0000000083700000, 0x0000000083700000|100%| O|  |TAMS 0x0000000083700000, 0x0000000083700000| Untracked 
|  55|0x0000000083700000, 0x0000000083800000, 0x0000000083800000|100%| O|  |TAMS 0x0000000083800000, 0x0000000083800000| Untracked 
|  56|0x0000000083800000, 0x0000000083900000, 0x0000000083900000|100%|HS|  |TAMS 0x0000000083900000, 0x0000000083900000| Complete 
|  57|0x0000000083900000, 0x0000000083a00000, 0x0000000083a00000|100%|HS|  |TAMS 0x0000000083a00000, 0x0000000083a00000| Complete 
|  58|0x0000000083a00000, 0x0000000083b00000, 0x0000000083b00000|100%|HS|  |TAMS 0x0000000083b00000, 0x0000000083b00000| Complete 
|  59|0x0000000083b00000, 0x0000000083c00000, 0x0000000083c00000|100%| O|  |TAMS 0x0000000083c00000, 0x0000000083c00000| Untracked 
|  60|0x0000000083c00000, 0x0000000083d00000, 0x0000000083d00000|100%| O|  |TAMS 0x0000000083d00000, 0x0000000083d00000| Untracked 
|  61|0x0000000083d00000, 0x0000000083e00000, 0x0000000083e00000|100%|HS|  |TAMS 0x0000000083e00000, 0x0000000083e00000| Complete 
|  62|0x0000000083e00000, 0x0000000083f00000, 0x0000000083f00000|100%|HC|  |TAMS 0x0000000083f00000, 0x0000000083f00000| Complete 
|  63|0x0000000083f00000, 0x0000000084000000, 0x0000000084000000|100%|HC|  |TAMS 0x0000000084000000, 0x0000000084000000| Complete 
|  64|0x0000000084000000, 0x0000000084100000, 0x0000000084100000|100%| O|  |TAMS 0x0000000084100000, 0x0000000084100000| Untracked 
|  65|0x0000000084100000, 0x0000000084200000, 0x0000000084200000|100%|HS|  |TAMS 0x0000000084200000, 0x0000000084200000| Complete 
|  66|0x0000000084200000, 0x0000000084300000, 0x0000000084300000|100%|HC|  |TAMS 0x0000000084300000, 0x0000000084300000| Complete 
|  67|0x0000000084300000, 0x0000000084400000, 0x0000000084400000|100%| O|  |TAMS 0x0000000084400000, 0x0000000084400000| Untracked 
|  68|0x0000000084400000, 0x0000000084500000, 0x0000000084500000|100%| O|  |TAMS 0x0000000084500000, 0x0000000084500000| Untracked 
|  69|0x0000000084500000, 0x0000000084600000, 0x0000000084600000|100%| O|  |TAMS 0x0000000084600000, 0x0000000084600000| Untracked 
|  70|0x0000000084600000, 0x0000000084700000, 0x0000000084700000|100%| O|  |TAMS 0x0000000084700000, 0x0000000084700000| Untracked 
|  71|0x0000000084700000, 0x0000000084800000, 0x0000000084800000|100%| O|  |TAMS 0x0000000084800000, 0x0000000084800000| Untracked 
|  72|0x0000000084800000, 0x0000000084900000, 0x0000000084900000|100%| O|  |TAMS 0x0000000084900000, 0x0000000084900000| Untracked 
|  73|0x0000000084900000, 0x0000000084a00000, 0x0000000084a00000|100%| O|  |TAMS 0x0000000084a00000, 0x0000000084a00000| Untracked 
|  74|0x0000000084a00000, 0x0000000084b00000, 0x0000000084b00000|100%| O|  |TAMS 0x0000000084b00000, 0x0000000084b00000| Untracked 
|  75|0x0000000084b00000, 0x0000000084c00000, 0x0000000084c00000|100%| O|  |TAMS 0x0000000084c00000, 0x0000000084c00000| Untracked 
|  76|0x0000000084c00000, 0x0000000084d00000, 0x0000000084d00000|100%| O|  |TAMS 0x0000000084d00000, 0x0000000084d00000| Untracked 
|  77|0x0000000084d00000, 0x0000000084e00000, 0x0000000084e00000|100%| O|  |TAMS 0x0000000084e00000, 0x0000000084e00000| Untracked 
|  78|0x0000000084e00000, 0x0000000084f00000, 0x0000000084f00000|100%| O|  |TAMS 0x0000000084f00000, 0x0000000084f00000| Untracked 
|  79|0x0000000084f00000, 0x0000000085000000, 0x0000000085000000|100%| O|  |TAMS 0x0000000085000000, 0x0000000085000000| Untracked 
|  80|0x0000000085000000, 0x0000000085100000, 0x0000000085100000|100%| O|  |TAMS 0x0000000085100000, 0x0000000085100000| Untracked 
|  81|0x0000000085100000, 0x0000000085200000, 0x0000000085200000|100%| O|  |TAMS 0x0000000085200000, 0x0000000085200000| Untracked 
|  82|0x0000000085200000, 0x0000000085300000, 0x0000000085300000|100%| O|  |TAMS 0x0000000085300000, 0x0000000085300000| Untracked 
|  83|0x0000000085300000, 0x0000000085400000, 0x0000000085400000|100%| O|  |TAMS 0x0000000085400000, 0x0000000085400000| Untracked 
|  84|0x0000000085400000, 0x0000000085500000, 0x0000000085500000|100%| O|  |TAMS 0x0000000085500000, 0x0000000085500000| Untracked 
|  85|0x0000000085500000, 0x0000000085600000, 0x0000000085600000|100%| O|  |TAMS 0x0000000085600000, 0x0000000085600000| Untracked 
|  86|0x0000000085600000, 0x0000000085700000, 0x0000000085700000|100%| O|  |TAMS 0x0000000085700000, 0x0000000085700000| Untracked 
|  87|0x0000000085700000, 0x0000000085800000, 0x0000000085800000|100%| O|  |TAMS 0x0000000085800000, 0x0000000085800000| Untracked 
|  88|0x0000000085800000, 0x0000000085900000, 0x0000000085900000|100%| O|  |TAMS 0x0000000085900000, 0x0000000085900000| Untracked 
|  89|0x0000000085900000, 0x0000000085a00000, 0x0000000085a00000|100%| O|  |TAMS 0x0000000085a00000, 0x0000000085a00000| Untracked 
|  90|0x0000000085a00000, 0x0000000085b00000, 0x0000000085b00000|100%| O|  |TAMS 0x0000000085b00000, 0x0000000085b00000| Untracked 
|  91|0x0000000085b00000, 0x0000000085c00000, 0x0000000085c00000|100%| O|  |TAMS 0x0000000085c00000, 0x0000000085c00000| Untracked 
|  92|0x0000000085c00000, 0x0000000085d00000, 0x0000000085d00000|100%| O|  |TAMS 0x0000000085d00000, 0x0000000085d00000| Untracked 
|  93|0x0000000085d00000, 0x0000000085e00000, 0x0000000085e00000|100%| O|  |TAMS 0x0000000085e00000, 0x0000000085e00000| Untracked 
|  94|0x0000000085e00000, 0x0000000085f00000, 0x0000000085f00000|100%| O|  |TAMS 0x0000000085f00000, 0x0000000085f00000| Untracked 
|  95|0x0000000085f00000, 0x0000000086000000, 0x0000000086000000|100%| O|  |TAMS 0x0000000086000000, 0x0000000086000000| Untracked 
|  96|0x0000000086000000, 0x0000000086100000, 0x0000000086100000|100%| O|  |TAMS 0x0000000086100000, 0x0000000086100000| Untracked 
|  97|0x0000000086100000, 0x0000000086200000, 0x0000000086200000|100%| O|  |TAMS 0x0000000086200000, 0x0000000086200000| Untracked 
|  98|0x0000000086200000, 0x0000000086300000, 0x0000000086300000|100%| O|  |TAMS 0x0000000086300000, 0x0000000086300000| Untracked 
|  99|0x0000000086300000, 0x0000000086400000, 0x0000000086400000|100%| O|  |TAMS 0x0000000086400000, 0x0000000086400000| Untracked 
| 100|0x0000000086400000, 0x0000000086500000, 0x0000000086500000|100%| O|  |TAMS 0x0000000086500000, 0x0000000086500000| Untracked 
| 101|0x0000000086500000, 0x0000000086600000, 0x0000000086600000|100%| O|  |TAMS 0x0000000086600000, 0x0000000086600000| Untracked 
| 102|0x0000000086600000, 0x0000000086700000, 0x0000000086700000|100%| O|  |TAMS 0x0000000086700000, 0x0000000086700000| Untracked 
| 103|0x0000000086700000, 0x0000000086800000, 0x0000000086800000|100%| O|  |TAMS 0x0000000086800000, 0x0000000086800000| Untracked 
| 104|0x0000000086800000, 0x0000000086900000, 0x0000000086900000|100%| O|  |TAMS 0x0000000086900000, 0x0000000086900000| Untracked 
| 105|0x0000000086900000, 0x0000000086999c00, 0x0000000086a00000| 60%| O|  |TAMS 0x0000000086999c00, 0x0000000086999c00| Untracked 
| 106|0x0000000086a00000, 0x0000000086a00000, 0x0000000086b00000|  0%| F|  |TAMS 0x0000000086a00000, 0x0000000086a00000| Untracked 
| 107|0x0000000086b00000, 0x0000000086b00000, 0x0000000086c00000|  0%| F|  |TAMS 0x0000000086b00000, 0x0000000086b00000| Untracked 
| 108|0x0000000086c00000, 0x0000000086c00000, 0x0000000086d00000|  0%| F|  |TAMS 0x0000000086c00000, 0x0000000086c00000| Untracked 
| 109|0x0000000086d00000, 0x0000000086d00000, 0x0000000086e00000|  0%| F|  |TAMS 0x0000000086d00000, 0x0000000086d00000| Untracked 
| 110|0x0000000086e00000, 0x0000000086e00000, 0x0000000086f00000|  0%| F|  |TAMS 0x0000000086e00000, 0x0000000086e00000| Untracked 
| 111|0x0000000086f00000, 0x0000000086f00000, 0x0000000087000000|  0%| F|  |TAMS 0x0000000086f00000, 0x0000000086f00000| Untracked 
| 112|0x0000000087000000, 0x0000000087000000, 0x0000000087100000|  0%| F|  |TAMS 0x0000000087000000, 0x0000000087000000| Untracked 
| 113|0x0000000087100000, 0x0000000087100000, 0x0000000087200000|  0%| F|  |TAMS 0x0000000087100000, 0x0000000087100000| Untracked 
| 114|0x0000000087200000, 0x0000000087200000, 0x0000000087300000|  0%| F|  |TAMS 0x0000000087200000, 0x0000000087200000| Untracked 
| 115|0x0000000087300000, 0x0000000087300000, 0x0000000087400000|  0%| F|  |TAMS 0x0000000087300000, 0x0000000087300000| Untracked 
| 116|0x0000000087400000, 0x0000000087400000, 0x0000000087500000|  0%| F|  |TAMS 0x0000000087400000, 0x0000000087400000| Untracked 
| 117|0x0000000087500000, 0x0000000087500000, 0x0000000087600000|  0%| F|  |TAMS 0x0000000087500000, 0x0000000087500000| Untracked 
| 118|0x0000000087600000, 0x0000000087600000, 0x0000000087700000|  0%| F|  |TAMS 0x0000000087600000, 0x0000000087600000| Untracked 
| 119|0x0000000087700000, 0x0000000087700000, 0x0000000087800000|  0%| F|  |TAMS 0x0000000087700000, 0x0000000087700000| Untracked 
| 120|0x0000000087800000, 0x0000000087800000, 0x0000000087900000|  0%| F|  |TAMS 0x0000000087800000, 0x0000000087800000| Untracked 
| 121|0x0000000087900000, 0x0000000087900000, 0x0000000087a00000|  0%| F|  |TAMS 0x0000000087900000, 0x0000000087900000| Untracked 
| 122|0x0000000087a00000, 0x0000000087a00000, 0x0000000087b00000|  0%| F|  |TAMS 0x0000000087a00000, 0x0000000087a00000| Untracked 
| 123|0x0000000087b00000, 0x0000000087b00000, 0x0000000087c00000|  0%| F|  |TAMS 0x0000000087b00000, 0x0000000087b00000| Untracked 
| 124|0x0000000087c00000, 0x0000000087c00000, 0x0000000087d00000|  0%| F|  |TAMS 0x0000000087c00000, 0x0000000087c00000| Untracked 
| 125|0x0000000087d00000, 0x0000000087d00000, 0x0000000087e00000|  0%| F|  |TAMS 0x0000000087d00000, 0x0000000087d00000| Untracked 
| 126|0x0000000087e00000, 0x0000000087e00000, 0x0000000087f00000|  0%| F|  |TAMS 0x0000000087e00000, 0x0000000087e00000| Untracked 
| 127|0x0000000087f00000, 0x0000000087f00000, 0x0000000088000000|  0%| F|  |TAMS 0x0000000087f00000, 0x0000000087f00000| Untracked 
| 128|0x0000000088000000, 0x0000000088000000, 0x0000000088100000|  0%| F|  |TAMS 0x0000000088000000, 0x0000000088000000| Untracked 
| 129|0x0000000088100000, 0x0000000088100000, 0x0000000088200000|  0%| F|  |TAMS 0x0000000088100000, 0x0000000088100000| Untracked 
| 130|0x0000000088200000, 0x0000000088200000, 0x0000000088300000|  0%| F|  |TAMS 0x0000000088200000, 0x0000000088200000| Untracked 
| 131|0x0000000088300000, 0x0000000088300000, 0x0000000088400000|  0%| F|  |TAMS 0x0000000088300000, 0x0000000088300000| Untracked 
| 132|0x0000000088400000, 0x0000000088400000, 0x0000000088500000|  0%| F|  |TAMS 0x0000000088400000, 0x0000000088400000| Untracked 
| 133|0x0000000088500000, 0x0000000088500000, 0x0000000088600000|  0%| F|  |TAMS 0x0000000088500000, 0x0000000088500000| Untracked 
| 134|0x0000000088600000, 0x0000000088600000, 0x0000000088700000|  0%| F|  |TAMS 0x0000000088600000, 0x0000000088600000| Untracked 
| 135|0x0000000088700000, 0x0000000088700000, 0x0000000088800000|  0%| F|  |TAMS 0x0000000088700000, 0x0000000088700000| Untracked 
| 136|0x0000000088800000, 0x0000000088800000, 0x0000000088900000|  0%| F|  |TAMS 0x0000000088800000, 0x0000000088800000| Untracked 
| 137|0x0000000088900000, 0x0000000088900000, 0x0000000088a00000|  0%| F|  |TAMS 0x0000000088900000, 0x0000000088900000| Untracked 
| 138|0x0000000088a00000, 0x0000000088a00000, 0x0000000088b00000|  0%| F|  |TAMS 0x0000000088a00000, 0x0000000088a00000| Untracked 
| 139|0x0000000088b00000, 0x0000000088b00000, 0x0000000088c00000|  0%| F|  |TAMS 0x0000000088b00000, 0x0000000088b00000| Untracked 
| 140|0x0000000088c00000, 0x0000000088c00000, 0x0000000088d00000|  0%| F|  |TAMS 0x0000000088c00000, 0x0000000088c00000| Untracked 
| 141|0x0000000088d00000, 0x0000000088d00000, 0x0000000088e00000|  0%| F|  |TAMS 0x0000000088d00000, 0x0000000088d00000| Untracked 
| 142|0x0000000088e00000, 0x0000000088e00000, 0x0000000088f00000|  0%| F|  |TAMS 0x0000000088e00000, 0x0000000088e00000| Untracked 
| 143|0x0000000088f00000, 0x0000000088f00000, 0x0000000089000000|  0%| F|  |TAMS 0x0000000088f00000, 0x0000000088f00000| Untracked 
| 144|0x0000000089000000, 0x0000000089000000, 0x0000000089100000|  0%| F|  |TAMS 0x0000000089000000, 0x0000000089000000| Untracked 
| 145|0x0000000089100000, 0x0000000089100000, 0x0000000089200000|  0%| F|  |TAMS 0x0000000089100000, 0x0000000089100000| Untracked 
| 146|0x0000000089200000, 0x0000000089200000, 0x0000000089300000|  0%| F|  |TAMS 0x0000000089200000, 0x0000000089200000| Untracked 
| 147|0x0000000089300000, 0x0000000089300000, 0x0000000089400000|  0%| F|  |TAMS 0x0000000089300000, 0x0000000089300000| Untracked 
| 148|0x0000000089400000, 0x0000000089400000, 0x0000000089500000|  0%| F|  |TAMS 0x0000000089400000, 0x0000000089400000| Untracked 
| 149|0x0000000089500000, 0x0000000089500000, 0x0000000089600000|  0%| F|  |TAMS 0x0000000089500000, 0x0000000089500000| Untracked 
| 150|0x0000000089600000, 0x0000000089600000, 0x0000000089700000|  0%| F|  |TAMS 0x0000000089600000, 0x0000000089600000| Untracked 
| 151|0x0000000089700000, 0x0000000089700000, 0x0000000089800000|  0%| F|  |TAMS 0x0000000089700000, 0x0000000089700000| Untracked 
| 152|0x0000000089800000, 0x0000000089800000, 0x0000000089900000|  0%| F|  |TAMS 0x0000000089800000, 0x0000000089800000| Untracked 
| 153|0x0000000089900000, 0x0000000089900000, 0x0000000089a00000|  0%| F|  |TAMS 0x0000000089900000, 0x0000000089900000| Untracked 
| 154|0x0000000089a00000, 0x0000000089a00000, 0x0000000089b00000|  0%| F|  |TAMS 0x0000000089a00000, 0x0000000089a00000| Untracked 
| 155|0x0000000089b00000, 0x0000000089b00000, 0x0000000089c00000|  0%| F|  |TAMS 0x0000000089b00000, 0x0000000089b00000| Untracked 
| 156|0x0000000089c00000, 0x0000000089c00000, 0x0000000089d00000|  0%| F|  |TAMS 0x0000000089c00000, 0x0000000089c00000| Untracked 
| 157|0x0000000089d00000, 0x0000000089d00000, 0x0000000089e00000|  0%| F|  |TAMS 0x0000000089d00000, 0x0000000089d00000| Untracked 
| 158|0x0000000089e00000, 0x0000000089e00000, 0x0000000089f00000|  0%| F|  |TAMS 0x0000000089e00000, 0x0000000089e00000| Untracked 
| 159|0x0000000089f00000, 0x0000000089f00000, 0x000000008a000000|  0%| F|  |TAMS 0x0000000089f00000, 0x0000000089f00000| Untracked 
| 160|0x000000008a000000, 0x000000008a000000, 0x000000008a100000|  0%| F|  |TAMS 0x000000008a000000, 0x000000008a000000| Untracked 
| 161|0x000000008a100000, 0x000000008a100000, 0x000000008a200000|  0%| F|  |TAMS 0x000000008a100000, 0x000000008a100000| Untracked 
| 162|0x000000008a200000, 0x000000008a200000, 0x000000008a300000|  0%| F|  |TAMS 0x000000008a200000, 0x000000008a200000| Untracked 
| 163|0x000000008a300000, 0x000000008a300000, 0x000000008a400000|  0%| F|  |TAMS 0x000000008a300000, 0x000000008a300000| Untracked 
| 164|0x000000008a400000, 0x000000008a400000, 0x000000008a500000|  0%| F|  |TAMS 0x000000008a400000, 0x000000008a400000| Untracked 
| 165|0x000000008a500000, 0x000000008a500000, 0x000000008a600000|  0%| F|  |TAMS 0x000000008a500000, 0x000000008a500000| Untracked 
| 166|0x000000008a600000, 0x000000008a600000, 0x000000008a700000|  0%| F|  |TAMS 0x000000008a600000, 0x000000008a600000| Untracked 
| 167|0x000000008a700000, 0x000000008a700000, 0x000000008a800000|  0%| F|  |TAMS 0x000000008a700000, 0x000000008a700000| Untracked 
| 168|0x000000008a800000, 0x000000008a800000, 0x000000008a900000|  0%| F|  |TAMS 0x000000008a800000, 0x000000008a800000| Untracked 
| 169|0x000000008a900000, 0x000000008a900000, 0x000000008aa00000|  0%| F|  |TAMS 0x000000008a900000, 0x000000008a900000| Untracked 
| 170|0x000000008aa00000, 0x000000008aa00000, 0x000000008ab00000|  0%| F|  |TAMS 0x000000008aa00000, 0x000000008aa00000| Untracked 
| 171|0x000000008ab00000, 0x000000008ab00000, 0x000000008ac00000|  0%| F|  |TAMS 0x000000008ab00000, 0x000000008ab00000| Untracked 
| 172|0x000000008ac00000, 0x000000008ac00000, 0x000000008ad00000|  0%| F|  |TAMS 0x000000008ac00000, 0x000000008ac00000| Untracked 
| 173|0x000000008ad00000, 0x000000008ad00000, 0x000000008ae00000|  0%| F|  |TAMS 0x000000008ad00000, 0x000000008ad00000| Untracked 
| 174|0x000000008ae00000, 0x000000008ae00000, 0x000000008af00000|  0%| F|  |TAMS 0x000000008ae00000, 0x000000008ae00000| Untracked 
| 175|0x000000008af00000, 0x000000008af00000, 0x000000008b000000|  0%| F|  |TAMS 0x000000008af00000, 0x000000008af00000| Untracked 
| 176|0x000000008b000000, 0x000000008b000000, 0x000000008b100000|  0%| F|  |TAMS 0x000000008b000000, 0x000000008b000000| Untracked 
| 177|0x000000008b100000, 0x000000008b100000, 0x000000008b200000|  0%| F|  |TAMS 0x000000008b100000, 0x000000008b100000| Untracked 
| 178|0x000000008b200000, 0x000000008b200000, 0x000000008b300000|  0%| F|  |TAMS 0x000000008b200000, 0x000000008b200000| Untracked 
| 179|0x000000008b300000, 0x000000008b300000, 0x000000008b400000|  0%| F|  |TAMS 0x000000008b300000, 0x000000008b300000| Untracked 
| 180|0x000000008b400000, 0x000000008b400000, 0x000000008b500000|  0%| F|  |TAMS 0x000000008b400000, 0x000000008b400000| Untracked 
| 181|0x000000008b500000, 0x000000008b500000, 0x000000008b600000|  0%| F|  |TAMS 0x000000008b500000, 0x000000008b500000| Untracked 
| 182|0x000000008b600000, 0x000000008b600000, 0x000000008b700000|  0%| F|  |TAMS 0x000000008b600000, 0x000000008b600000| Untracked 
| 183|0x000000008b700000, 0x000000008b700000, 0x000000008b800000|  0%| F|  |TAMS 0x000000008b700000, 0x000000008b700000| Untracked 
| 184|0x000000008b800000, 0x000000008b800000, 0x000000008b900000|  0%| F|  |TAMS 0x000000008b800000, 0x000000008b800000| Untracked 
| 185|0x000000008b900000, 0x000000008b900000, 0x000000008ba00000|  0%| F|  |TAMS 0x000000008b900000, 0x000000008b900000| Untracked 
| 186|0x000000008ba00000, 0x000000008ba00000, 0x000000008bb00000|  0%| F|  |TAMS 0x000000008ba00000, 0x000000008ba00000| Untracked 
| 187|0x000000008bb00000, 0x000000008bb00000, 0x000000008bc00000|  0%| F|  |TAMS 0x000000008bb00000, 0x000000008bb00000| Untracked 
| 188|0x000000008bc00000, 0x000000008bc00000, 0x000000008bd00000|  0%| F|  |TAMS 0x000000008bc00000, 0x000000008bc00000| Untracked 
| 189|0x000000008bd00000, 0x000000008bd00000, 0x000000008be00000|  0%| F|  |TAMS 0x000000008bd00000, 0x000000008bd00000| Untracked 
| 190|0x000000008be00000, 0x000000008be00000, 0x000000008bf00000|  0%| F|  |TAMS 0x000000008be00000, 0x000000008be00000| Untracked 
| 191|0x000000008bf00000, 0x000000008bf00000, 0x000000008c000000|  0%| F|  |TAMS 0x000000008bf00000, 0x000000008bf00000| Untracked 
| 192|0x000000008c000000, 0x000000008c000000, 0x000000008c100000|  0%| F|  |TAMS 0x000000008c000000, 0x000000008c000000| Untracked 
| 193|0x000000008c100000, 0x000000008c100000, 0x000000008c200000|  0%| F|  |TAMS 0x000000008c100000, 0x000000008c100000| Untracked 
| 194|0x000000008c200000, 0x000000008c200000, 0x000000008c300000|  0%| F|  |TAMS 0x000000008c200000, 0x000000008c200000| Untracked 
| 195|0x000000008c300000, 0x000000008c300000, 0x000000008c400000|  0%| F|  |TAMS 0x000000008c300000, 0x000000008c300000| Untracked 
| 196|0x000000008c400000, 0x000000008c400000, 0x000000008c500000|  0%| F|  |TAMS 0x000000008c400000, 0x000000008c400000| Untracked 
| 197|0x000000008c500000, 0x000000008c500000, 0x000000008c600000|  0%| F|  |TAMS 0x000000008c500000, 0x000000008c500000| Untracked 
| 198|0x000000008c600000, 0x000000008c600000, 0x000000008c700000|  0%| F|  |TAMS 0x000000008c600000, 0x000000008c600000| Untracked 
| 199|0x000000008c700000, 0x000000008c700000, 0x000000008c800000|  0%| F|  |TAMS 0x000000008c700000, 0x000000008c700000| Untracked 
| 200|0x000000008c800000, 0x000000008c800000, 0x000000008c900000|  0%| F|  |TAMS 0x000000008c800000, 0x000000008c800000| Untracked 
| 201|0x000000008c900000, 0x000000008c9b0a80, 0x000000008ca00000| 69%| S|CS|TAMS 0x000000008c900000, 0x000000008c900000| Complete 
| 202|0x000000008ca00000, 0x000000008ca00000, 0x000000008cb00000|  0%| F|  |TAMS 0x000000008ca00000, 0x000000008ca00000| Untracked 
| 203|0x000000008cb00000, 0x000000008cc00000, 0x000000008cc00000|100%| S|CS|TAMS 0x000000008cb00000, 0x000000008cb00000| Complete 
| 204|0x000000008cc00000, 0x000000008cc00000, 0x000000008cd00000|  0%| F|  |TAMS 0x000000008cc00000, 0x000000008cc00000| Untracked 
| 205|0x000000008cd00000, 0x000000008cd00000, 0x000000008ce00000|  0%| F|  |TAMS 0x000000008cd00000, 0x000000008cd00000| Untracked 
| 206|0x000000008ce00000, 0x000000008ce00000, 0x000000008cf00000|  0%| F|  |TAMS 0x000000008ce00000, 0x000000008ce00000| Untracked 
| 207|0x000000008cf00000, 0x000000008cf00000, 0x000000008d000000|  0%| F|  |TAMS 0x000000008cf00000, 0x000000008cf00000| Untracked 
| 208|0x000000008d000000, 0x000000008d000000, 0x000000008d100000|  0%| F|  |TAMS 0x000000008d000000, 0x000000008d000000| Untracked 
| 209|0x000000008d100000, 0x000000008d100000, 0x000000008d200000|  0%| F|  |TAMS 0x000000008d100000, 0x000000008d100000| Untracked 
| 210|0x000000008d200000, 0x000000008d200000, 0x000000008d300000|  0%| F|  |TAMS 0x000000008d200000, 0x000000008d200000| Untracked 
| 211|0x000000008d300000, 0x000000008d300000, 0x000000008d400000|  0%| F|  |TAMS 0x000000008d300000, 0x000000008d300000| Untracked 

Card table byte_map: [0x00007fcc00c31000,0x00007fcc01031000] _byte_map_base: 0x00007fcc00831000

Marking Bits (Prev, Next): (CMBitMap*) 0x00007fcc14058640, (CMBitMap*) 0x00007fcc14058608
 Prev Bits: [0x00007fcbf8000000, 0x00007fcbfa000000)
 Next Bits: [0x00007fcbfa000000, 0x00007fcbfc000000)

Polling page: 0x00007fcc1b944000

Metaspace:

Usage:
  Non-class:     87.16 MB capacity,    85.62 MB ( 98%) used,     1.29 MB (  1%) free+waste,   267.56 KB ( <1%) overhead. 
      Class:     13.32 MB capacity,    12.42 MB ( 93%) used,   802.06 KB (  6%) free+waste,   122.12 KB ( <1%) overhead. 
       Both:    100.49 MB capacity,    98.04 MB ( 98%) used,     2.07 MB (  2%) free+waste,   389.69 KB ( <1%) overhead. 

Virtual space:
  Non-class space:       88.00 MB reserved,      87.50 MB (>99%) committed 
      Class space:        1.00 GB reserved,      13.38 MB (  1%) committed 
             Both:        1.09 GB reserved,     100.88 MB (  9%) committed 

Chunk freelists:
   Non-Class:  220.00 KB
       Class:  53.00 KB
        Both:  273.00 KB

MaxMetaspaceSize: unlimited
CompressedClassSpaceSize: 1.00 GB

CodeHeap 'non-profiled nmethods': size=120036Kb used=6132Kb max_used=6132Kb free=113903Kb
 bounds [0x00007fcc08ff9000, 0x00007fcc095f9000, 0x00007fcc10532000]
CodeHeap 'profiled nmethods': size=120032Kb used=23774Kb max_used=23774Kb free=96257Kb
 bounds [0x00007fcc01ac1000, 0x00007fcc03201000, 0x00007fcc08ff9000]
CodeHeap 'non-nmethods': size=5692Kb used=2263Kb max_used=2286Kb free=3429Kb
 bounds [0x00007fcc01532000, 0x00007fcc017a2000, 0x00007fcc01ac1000]
 total_blobs=11903 nmethods=10996 adapters=820
 compilation: enabled
              stopped_count=0, restarted_count=0
 full_count=0

Compilation events (20 events):
Event: 193.750 Thread 0x00007fcc1412f000 11096       3       kotlin.collections.EmptyList::toArray (5 bytes)
Event: 193.750 Thread 0x00007fcc1412f000 nmethod 11096 0x00007fcc031f4a10 code [0x00007fcc031f4bc0, 0x00007fcc031f4ce0]
Event: 193.750 Thread 0x00007fcc1412f000 11097       3       kotlin.jvm.internal.CollectionToArray::toArray (202 bytes)
Event: 193.752 Thread 0x00007fcc1412f000 nmethod 11097 0x00007fcc031f4d90 code [0x00007fcc031f50c0, 0x00007fcc031f62a0]
Event: 193.752 Thread 0x00007fcc1412f000 11099       3       kotlin.collections.CollectionsKt___CollectionsKt::first (36 bytes)
Event: 193.752 Thread 0x00007fcc1412f000 nmethod 11099 0x00007fcc031f6810 code [0x00007fcc031f6a80, 0x00007fcc031f7280]
Event: 193.752 Thread 0x00007fcc1412f000 11101       3       kotlin.reflect.jvm.internal.impl.metadata.ProtoBuf$Property::hasReceiverType (18 bytes)
Event: 193.752 Thread 0x00007fcc1412f000 nmethod 11101 0x00007fcc031f7590 code [0x00007fcc031f7740, 0x00007fcc031f7890]
Event: 193.752 Thread 0x00007fcc1412f000 11100       3       kotlin.reflect.jvm.internal.impl.metadata.ProtoBuf$Class::getFunction (14 bytes)
Event: 193.753 Thread 0x00007fcc1412f000 nmethod 11100 0x00007fcc031f7910 code [0x00007fcc031f7ae0, 0x00007fcc031f7d80]
Event: 193.753 Thread 0x00007fcc1412f000 11094       1       kotlin.reflect.jvm.internal.impl.metadata.ProtoBuf$Class::getFqName (5 bytes)
Event: 193.753 Thread 0x00007fcc1412f000 nmethod 11094 0x00007fcc095f5490 code [0x00007fcc095f5640, 0x00007fcc095f56f0]
Event: 193.753 Thread 0x00007fcc1412d000 nmethod 11092 0x00007fcc095f5790 code [0x00007fcc095f5940, 0x00007fcc095f5bc8]
Event: 193.753 Thread 0x00007fcc1412d000 11102       4       kotlin.reflect.jvm.internal.impl.protobuf.CodedOutputStream::writeRawByte (43 bytes)
Event: 193.754 Thread 0x00007fcc1412f000 11103       3       kotlin.reflect.jvm.internal.impl.descriptors.impl.DeclarationDescriptorImpl::<init> (27 bytes)
Event: 193.754 Thread 0x00007fcc1412d000 nmethod 11102 0x00007fcc095f5e10 code [0x00007fcc095f5fa0, 0x00007fcc095f6078]
Event: 193.754 Thread 0x00007fcc1412f000 nmethod 11103 0x00007fcc031f7e90 code [0x00007fcc031f8080, 0x00007fcc031f8460]
Event: 193.810 Thread 0x00007fcc1412f000 11104       3       kotlin.reflect.jvm.internal.impl.descriptors.impl.VariableDescriptorImpl::getType (13 bytes)
Event: 193.811 Thread 0x00007fcc1412f000 nmethod 11104 0x00007fcc031f8610 code [0x00007fcc031f87c0, 0x00007fcc031f8940]
Event: 193.811 Thread 0x00007fcc1412d000 11105       4       kotlin.reflect.jvm.internal.impl.protobuf.ByteString::newOutput (11 bytes)

GC Heap History (20 events):
Event: 67.964 GC heap after
{Heap after GC invocations=68 (full 0):
 garbage-first heap   total 180224K, used 96685K [0x0000000080000000, 0x0000000100000000)
  region size 1024K, 4 young (4096K), 4 survivors (4096K)
 Metaspace       used 81809K, capacity 84033K, committed 84224K, reserved 1122304K
  class space    used 10445K, capacity 11204K, committed 11264K, reserved 1048576K
}
Event: 72.159 GC heap before
{Heap before GC invocations=69 (full 0):
 garbage-first heap   total 180224K, used 131501K [0x0000000080000000, 0x0000000100000000)
  region size 1024K, 37 young (37888K), 4 survivors (4096K)
 Metaspace       used 86946K, capacity 89222K, committed 89472K, reserved 1126400K
  class space    used 11064K, capacity 11815K, committed 11904K, reserved 1048576K
}
Event: 72.195 GC heap after
{Heap after GC invocations=70 (full 0):
 garbage-first heap   total 180224K, used 97941K [0x0000000080000000, 0x0000000100000000)
  region size 1024K, 2 young (2048K), 2 survivors (2048K)
 Metaspace       used 86946K, capacity 89222K, committed 89472K, reserved 1126400K
  class space    used 11064K, capacity 11815K, committed 11904K, reserved 1048576K
}
Event: 76.277 GC heap before
{Heap before GC invocations=70 (full 0):
 garbage-first heap   total 180224K, used 133781K [0x0000000080000000, 0x0000000100000000)
  region size 1024K, 37 young (37888K), 2 survivors (2048K)
 Metaspace       used 90251K, capacity 92500K, committed 92928K, reserved 1130496K
  class space    used 11453K, capacity 12236K, committed 12288K, reserved 1048576K
}
Event: 76.293 GC heap after
{Heap after GC invocations=71 (full 0):
 garbage-first heap   total 180224K, used 100064K [0x0000000080000000, 0x0000000100000000)
  region size 1024K, 4 young (4096K), 4 survivors (4096K)
 Metaspace       used 90251K, capacity 92500K, committed 92928K, reserved 1130496K
  class space    used 11453K, capacity 12236K, committed 12288K, reserved 1048576K
}
Event: 85.134 GC heap before
{Heap before GC invocations=72 (full 0):
 garbage-first heap   total 180224K, used 135904K [0x0000000080000000, 0x0000000100000000)
  region size 1024K, 40 young (40960K), 4 survivors (4096K)
 Metaspace       used 91732K, capacity 94098K, committed 94464K, reserved 1130496K
  class space    used 11646K, capacity 12475K, committed 12544K, reserved 1048576K
}
Event: 85.167 GC heap after
{Heap after GC invocations=73 (full 0):
 garbage-first heap   total 180224K, used 102745K [0x0000000080000000, 0x0000000100000000)
  region size 1024K, 5 young (5120K), 5 survivors (5120K)
 Metaspace       used 91732K, capacity 94098K, committed 94464K, reserved 1130496K
  class space    used 11646K, capacity 12475K, committed 12544K, reserved 1048576K
}
Event: 89.787 GC heap before
{Heap before GC invocations=73 (full 0):
 garbage-first heap   total 180224K, used 138585K [0x0000000080000000, 0x0000000100000000)
  region size 1024K, 41 young (41984K), 5 survivors (5120K)
 Metaspace       used 92161K, capacity 94608K, committed 94976K, reserved 1132544K
  class space    used 11665K, capacity 12480K, committed 12544K, reserved 1048576K
}
Event: 89.826 GC heap after
{Heap after GC invocations=74 (full 0):
 garbage-first heap   total 180224K, used 104784K [0x0000000080000000, 0x0000000100000000)
  region size 1024K, 5 young (5120K), 5 survivors (5120K)
 Metaspace       used 92161K, capacity 94608K, committed 94976K, reserved 1132544K
  class space    used 11665K, capacity 12480K, committed 12544K, reserved 1048576K
}
Event: 98.626 GC heap before
{Heap before GC invocations=75 (full 0):
 garbage-first heap   total 180224K, used 142672K [0x0000000080000000, 0x0000000100000000)
  region size 1024K, 42 young (43008K), 5 survivors (5120K)
 Metaspace       used 94148K, capacity 96590K, committed 96768K, reserved 1132544K
  class space    used 11869K, capacity 12726K, committed 12800K, reserved 1048576K
}
Event: 98.781 GC heap after
{Heap after GC invocations=76 (full 0):
 garbage-first heap   total 217088K, used 106855K [0x0000000080000000, 0x0000000100000000)
  region size 1024K, 5 young (5120K), 5 survivors (5120K)
 Metaspace       used 94148K, capacity 96590K, committed 96768K, reserved 1132544K
  class space    used 11869K, capacity 12726K, committed 12800K, reserved 1048576K
}
Event: 115.663 GC heap before
{Heap before GC invocations=76 (full 0):
 garbage-first heap   total 217088K, used 158055K [0x0000000080000000, 0x0000000100000000)
  region size 1024K, 55 young (56320K), 5 survivors (5120K)
 Metaspace       used 98302K, capacity 100865K, committed 101248K, reserved 1136640K
  class space    used 12484K, capacity 13414K, committed 13440K, reserved 1048576K
}
Event: 120.909 GC heap after
{Heap after GC invocations=77 (full 0):
 garbage-first heap   total 217088K, used 107945K [0x0000000080000000, 0x0000000100000000)
  region size 1024K, 4 young (4096K), 4 survivors (4096K)
 Metaspace       used 98302K, capacity 100865K, committed 101248K, reserved 1136640K
  class space    used 12484K, capacity 13414K, committed 13440K, reserved 1048576K
}
Event: 134.535 GC heap before
{Heap before GC invocations=78 (full 0):
 garbage-first heap   total 217088K, used 114089K [0x0000000080000000, 0x0000000100000000)
  region size 1024K, 10 young (10240K), 4 survivors (4096K)
 Metaspace       used 98684K, capacity 101235K, committed 101632K, reserved 1136640K
  class space    used 12517K, capacity 13451K, committed 13568K, reserved 1048576K
}
Event: 134.793 GC heap after
{Heap after GC invocations=79 (full 0):
 garbage-first heap   total 217088K, used 108855K [0x0000000080000000, 0x0000000100000000)
  region size 1024K, 1 young (1024K), 1 survivors (1024K)
 Metaspace       used 98684K, capacity 101235K, committed 101632K, reserved 1136640K
  class space    used 12517K, capacity 13451K, committed 13568K, reserved 1048576K
}
Event: 148.166 GC heap before
{Heap before GC invocations=79 (full 0):
 garbage-first heap   total 217088K, used 118071K [0x0000000080000000, 0x0000000100000000)
  region size 1024K, 10 young (10240K), 1 survivors (1024K)
 Metaspace       used 99324K, capacity 101811K, committed 102144K, reserved 1138688K
  class space    used 12590K, capacity 13515K, committed 13568K, reserved 1048576K
}
Event: 148.347 GC heap after
{Heap after GC invocations=80 (full 0):
 garbage-first heap   total 217088K, used 108792K [0x0000000080000000, 0x0000000100000000)
  region size 1024K, 1 young (1024K), 1 survivors (1024K)
 Metaspace       used 99324K, capacity 101811K, committed 102144K, reserved 1138688K
  class space    used 12590K, capacity 13515K, committed 13568K, reserved 1048576K
}
Event: 172.866 GC heap before
{Heap before GC invocations=81 (full 0):
 garbage-first heap   total 217088K, used 118008K [0x0000000080000000, 0x0000000100000000)
  region size 1024K, 10 young (10240K), 1 survivors (1024K)
 Metaspace       used 99885K, capacity 102387K, committed 102784K, reserved 1138688K
  class space    used 12669K, capacity 13579K, committed 13696K, reserved 1048576K
}
Event: 173.418 GC heap after
{Heap after GC invocations=82 (full 0):
 garbage-first heap   total 217088K, used 109223K [0x0000000080000000, 0x0000000100000000)
  region size 1024K, 2 young (2048K), 2 survivors (2048K)
 Metaspace       used 99885K, capacity 102387K, committed 102784K, reserved 1138688K
  class space    used 12669K, capacity 13579K, committed 13696K, reserved 1048576K
}
Event: 193.814 GC heap before
{Heap before GC invocations=82 (full 0):
 garbage-first heap   total 217088K, used 117415K [0x0000000080000000, 0x0000000100000000)
  region size 1024K, 10 young (10240K), 2 survivors (2048K)
 Metaspace       used 100391K, capacity 102899K, committed 103296K, reserved 1138688K
  class space    used 12718K, capacity 13643K, committed 13696K, reserved 1048576K
}

Deoptimization events (20 events):
Event: 99.988 Thread 0x00007fcbd400c000 Uncommon trap: trap_request=0xffffffd6 fr.pc=0x00007fcc09593150 relative=0x0000000000000ab0
Event: 99.988 Thread 0x00007fcbd400c000 Uncommon trap: reason=array_check action=maybe_recompile pc=0x00007fcc09593150 method=com.google.common.collect.ImmutableSet.construct(I[Ljava/lang/Object;)Lcom/google/common/collect/ImmutableSet; @ 122 c2
Event: 99.988 Thread 0x00007fcbd400c000 DEOPT PACKING pc=0x00007fcc09593150 sp=0x00007fcbbe73f2a0
Event: 99.988 Thread 0x00007fcbd400c000 DEOPT UNPACKING pc=0x00007fcc01557a1f sp=0x00007fcbbe73f228 mode 2
Event: 101.411 Thread 0x00007fcbd8c48800 Uncommon trap: trap_request=0xffffff4d fr.pc=0x00007fcc0908f210 relative=0x0000000000001290
Event: 101.411 Thread 0x00007fcbd8c47000 Uncommon trap: trap_request=0xffffff4d fr.pc=0x00007fcc0908f314 relative=0x0000000000001394
Event: 101.411 Thread 0x00007fcbd8c48800 Uncommon trap: reason=unstable_if action=reinterpret pc=0x00007fcc0908f210 method=java.util.concurrent.ConcurrentHashMap.transfer([Ljava/util/concurrent/ConcurrentHashMap$Node;[Ljava/util/concurrent/ConcurrentHashMap$Node;)V @ 34 c2
Event: 101.411 Thread 0x00007fcbd8c47000 Uncommon trap: reason=unstable_if action=reinterpret pc=0x00007fcc0908f314 method=java.util.concurrent.ConcurrentHashMap.transfer([Ljava/util/concurrent/ConcurrentHashMap$Node;[Ljava/util/concurrent/ConcurrentHashMap$Node;)V @ 273 c2
Event: 101.411 Thread 0x00007fcbd8c48800 DEOPT PACKING pc=0x00007fcc0908f210 sp=0x00007fcbbb7305a0
Event: 101.411 Thread 0x00007fcbd8c47000 DEOPT PACKING pc=0x00007fcc0908f314 sp=0x00007fcbbb8315a0
Event: 101.411 Thread 0x00007fcbd8c48800 DEOPT UNPACKING pc=0x00007fcc01557a1f sp=0x00007fcbbb730528 mode 2
Event: 101.411 Thread 0x00007fcbd8c47000 DEOPT UNPACKING pc=0x00007fcc01557a1f sp=0x00007fcbbb831520 mode 2
Event: 101.411 Thread 0x00007fcbd8c48800 Uncommon trap: trap_request=0xffffff4d fr.pc=0x00007fcc09085118 relative=0x0000000000001038
Event: 101.411 Thread 0x00007fcbd8c48800 Uncommon trap: reason=unstable_if action=reinterpret pc=0x00007fcc09085118 method=java.util.concurrent.ConcurrentHashMap.transfer([Ljava/util/concurrent/ConcurrentHashMap$Node;[Ljava/util/concurrent/ConcurrentHashMap$Node;)V @ 273 c2
Event: 101.411 Thread 0x00007fcbd8c48800 DEOPT PACKING pc=0x00007fcc09085118 sp=0x00007fcbbb7305b0
Event: 101.411 Thread 0x00007fcbd8c48800 DEOPT UNPACKING pc=0x00007fcc01557a1f sp=0x00007fcbbb730530 mode 2
Event: 151.239 Thread 0x00007fcbd400c000 Uncommon trap: trap_request=0xffffff4d fr.pc=0x00007fcc095e3ca4 relative=0x00000000000001e4
Event: 151.239 Thread 0x00007fcbd400c000 Uncommon trap: reason=unstable_if action=reinterpret pc=0x00007fcc095e3ca4 method=kotlin.reflect.jvm.internal.impl.protobuf.CodedInputStream.readRawVarint32()I @ 10 c2
Event: 151.239 Thread 0x00007fcbd400c000 DEOPT PACKING pc=0x00007fcc095e3ca4 sp=0x00007fcbbe73c7d0
Event: 151.239 Thread 0x00007fcbd400c000 DEOPT UNPACKING pc=0x00007fcc01557a1f sp=0x00007fcbbe73c770 mode 2

Classes redefined (0 events):
No events

Internal exceptions (20 events):
Event: 99.754 Thread 0x00007fcbd400c000 Exception <a 'java/lang/NoSuchMethodError'{0x000000008cb8afe8}: 'java.lang.Object java.lang.invoke.DirectMethodHandle$Holder.invokeStatic(java.lang.Object, int, java.lang.Object, java.lang.Object)'> (0x000000008cb8afe8) thrown at [src/hotspot/share/interpreter/linkResolver.cpp, line 773]
Event: 100.191 Thread 0x00007fcbd98fb800 Exception <a 'java/io/IOException'{0x000000008c580b50}> (0x000000008c580b50) thrown at [src/hotspot/share/prims/jni.cpp, line 615]
Event: 105.265 Thread 0x00007fcbd98fb800 Exception <a 'java/io/IOException'{0x000000008c587ca8}> (0x000000008c587ca8) thrown at [src/hotspot/share/prims/jni.cpp, line 615]
Event: 110.189 Thread 0x00007fcbd98fb800 Exception <a 'java/io/IOException'{0x000000008b789f50}> (0x000000008b789f50) thrown at [src/hotspot/share/prims/jni.cpp, line 615]
Event: 122.708 Thread 0x00007fcbd98fb800 Exception <a 'java/io/IOException'{0x000000008d3009f0}> (0x000000008d3009f0) thrown at [src/hotspot/share/prims/jni.cpp, line 615]
Event: 122.708 Thread 0x00007fcbd98fb800 Exception <a 'java/io/IOException'{0x000000008d33e520}> (0x000000008d33e520) thrown at [src/hotspot/share/prims/jni.cpp, line 615]
Event: 125.199 Thread 0x00007fcbd98fb800 Exception <a 'java/io/IOException'{0x000000008d345660}> (0x000000008d345660) thrown at [src/hotspot/share/prims/jni.cpp, line 615]
Event: 131.172 Thread 0x00007fcbd98fb800 Exception <a 'java/io/IOException'{0x000000008d2015c8}> (0x000000008d2015c8) thrown at [src/hotspot/share/prims/jni.cpp, line 615]
Event: 135.189 Thread 0x00007fcbd98fb800 Exception <a 'java/io/IOException'{0x000000008d3ff3a8}> (0x000000008d3ff3a8) thrown at [src/hotspot/share/prims/jni.cpp, line 615]
Event: 145.529 Thread 0x00007fcbd98fb800 Exception <a 'java/io/IOException'{0x000000008d206a28}> (0x000000008d206a28) thrown at [src/hotspot/share/prims/jni.cpp, line 615]
Event: 146.791 Thread 0x00007fcbd98fb800 Exception <a 'java/io/IOException'{0x000000008ca93610}> (0x000000008ca93610) thrown at [src/hotspot/share/prims/jni.cpp, line 615]
Event: 150.189 Thread 0x00007fcbd98fb800 Exception <a 'java/io/IOException'{0x000000008d229ff8}> (0x000000008d229ff8) thrown at [src/hotspot/share/prims/jni.cpp, line 615]
Event: 155.498 Thread 0x00007fcbd98fb800 Exception <a 'java/io/IOException'{0x000000008d231130}> (0x000000008d231130) thrown at [src/hotspot/share/prims/jni.cpp, line 615]
Event: 161.067 Thread 0x00007fcbd98fb800 Exception <a 'java/io/IOException'{0x000000008cfa7678}> (0x000000008cfa7678) thrown at [src/hotspot/share/prims/jni.cpp, line 615]
Event: 165.460 Thread 0x00007fcbd98fb800 Exception <a 'java/io/IOException'{0x000000008cd538e8}> (0x000000008cd538e8) thrown at [src/hotspot/share/prims/jni.cpp, line 615]
Event: 170.314 Thread 0x00007fcbd98fb800 Exception <a 'java/io/IOException'{0x000000008cd58458}> (0x000000008cd58458) thrown at [src/hotspot/share/prims/jni.cpp, line 615]
Event: 176.688 Thread 0x00007fcbd98fb800 Exception <a 'java/io/IOException'{0x000000008d3bf578}> (0x000000008d3bf578) thrown at [src/hotspot/share/prims/jni.cpp, line 615]
Event: 180.327 Thread 0x00007fcbd98fb800 Exception <a 'java/io/IOException'{0x000000008d203a08}> (0x000000008d203a08) thrown at [src/hotspot/share/prims/jni.cpp, line 615]
Event: 190.690 Thread 0x00007fcbd98fb800 Exception <a 'java/io/IOException'{0x000000008cf0a560}> (0x000000008cf0a560) thrown at [src/hotspot/share/prims/jni.cpp, line 615]
Event: 190.690 Thread 0x00007fcbd98fb800 Exception <a 'java/io/IOException'{0x000000008cf552e0}> (0x000000008cf552e0) thrown at [src/hotspot/share/prims/jni.cpp, line 615]

Events (20 events):
Event: 193.045 loading class org/jetbrains/kotlin/config/LanguageFeature done
Event: 193.111 loading class kotlin/reflect/jvm/internal/impl/resolve/scopes/StaticScopeForKotlinEnum
Event: 193.111 loading class kotlin/reflect/jvm/internal/impl/resolve/scopes/StaticScopeForKotlinEnum done
Event: 193.202 loading class kotlin/reflect/jvm/internal/impl/resolve/scopes/StaticScopeForKotlinEnum$functions$2
Event: 193.202 loading class kotlin/reflect/jvm/internal/impl/resolve/scopes/StaticScopeForKotlinEnum$functions$2 done
Event: 193.203 loading class kotlin/reflect/jvm/internal/impl/serialization/deserialization/descriptors/DeserializedClassDescriptor$EnumEntryClassDescriptors
Event: 193.203 loading class kotlin/reflect/jvm/internal/impl/serialization/deserialization/descriptors/DeserializedClassDescriptor$EnumEntryClassDescriptors done
Event: 193.413 loading class kotlin/reflect/jvm/internal/impl/serialization/deserialization/descriptors/DeserializedClassDescriptor$EnumEntryClassDescriptors$enumEntryByName$1
Event: 193.413 loading class kotlin/reflect/jvm/internal/impl/serialization/deserialization/descriptors/DeserializedClassDescriptor$EnumEntryClassDescriptors$enumEntryByName$1 done
Event: 193.414 loading class kotlin/reflect/jvm/internal/impl/serialization/deserialization/descriptors/DeserializedClassDescriptor$EnumEntryClassDescriptors$enumMemberNames$1
Event: 193.414 loading class kotlin/reflect/jvm/internal/impl/serialization/deserialization/descriptors/DeserializedClassDescriptor$EnumEntryClassDescriptors$enumMemberNames$1 done
Event: 193.415 loading class kotlin/reflect/jvm/internal/impl/load/kotlin/KotlinClassFinderKt
Event: 193.415 loading class kotlin/reflect/jvm/internal/impl/load/kotlin/KotlinClassFinderKt done
Event: 193.709 loading class org/jetbrains/kotlin/config/LanguageFeature$State
Event: 193.709 loading class org/jetbrains/kotlin/config/LanguageFeature$State done
Event: 193.753 loading class kotlin/reflect/jvm/internal/impl/descriptors/impl/FunctionDescriptorImpl$CopyConfiguration
Event: 193.753 loading class kotlin/reflect/jvm/internal/impl/descriptors/impl/FunctionDescriptorImpl$CopyConfiguration done
Event: 193.814 loading class org/jetbrains/kotlin/cli/common/arguments/CommonCompilerArguments$VersionKind
Event: 193.814 loading class org/jetbrains/kotlin/cli/common/arguments/CommonCompilerArguments$VersionKind done
Event: 193.814 Executing VM operation: G1CollectForAllocation


Dynamic libraries:
00400000-00401000 r-xp 00000000 08:04 2183330                            /home/emobilis/Desktop/android-studio/jre/bin/java
00600000-00601000 r--p 00000000 08:04 2183330                            /home/emobilis/Desktop/android-studio/jre/bin/java
00601000-00602000 rw-p 00001000 08:04 2183330                            /home/emobilis/Desktop/android-studio/jre/bin/java
01cb7000-01cd8000 rw-p 00000000 00:00 0                                  [heap]
80000000-8d400000 rw-p 00000000 00:00 0 
9da00000-100000000 ---p 00000000 00:00 0 
100000000-100d60000 rw-p 00000000 00:00 0 
100d60000-140000000 ---p 00000000 00:00 0 
7fcbb84e7000-7fcbb88af000 rw-p 00000000 00:00 0 
7fcbb88af000-7fcbb892f000 ---p 00000000 00:00 0 
7fcbb892f000-7fcbb8b2f000 rw-p 00000000 00:00 0 
7fcbb8b2f000-7fcbb8d2f000 rw-p 00000000 00:00 0 
7fcbb8d2f000-7fcbb8f2f000 rw-p 00000000 00:00 0 
7fcbb8f2f000-7fcbb912f000 rw-p 00000000 00:00 0 
7fcbb912f000-7fcbb932f000 rw-p 00000000 00:00 0 
7fcbb932f000-7fcbb952f000 rw-p 00000000 00:00 0 
7fcbb952f000-7fcbb972f000 rw-p 00000000 00:00 0 
7fcbb972f000-7fcbb992f000 rw-p 00000000 00:00 0 
7fcbb992f000-7fcbb9b2f000 rw-p 00000000 00:00 0 
7fcbb9b2f000-7fcbb9b33000 ---p 00000000 00:00 0 
7fcbb9b33000-7fcbb9c30000 rw-p 00000000 00:00 0 
7fcbb9c30000-7fcbb9c34000 ---p 00000000 00:00 0 
7fcbb9c34000-7fcbb9f31000 rw-p 00000000 00:00 0 
7fcbb9f31000-7fcbba131000 rw-p 00000000 00:00 0 
7fcbba131000-7fcbba331000 rw-p 00000000 00:00 0 
7fcbba331000-7fcbba531000 rw-p 00000000 00:00 0 
7fcbba531000-7fcbba731000 rw-p 00000000 00:00 0 
7fcbba731000-7fcbba931000 rw-p 00000000 00:00 0 
7fcbba931000-7fcbbab31000 rw-p 00000000 00:00 0 
7fcbbab31000-7fcbbad31000 rw-p 00000000 00:00 0 
7fcbbad31000-7fcbbad35000 ---p 00000000 00:00 0 
7fcbbad35000-7fcbbb032000 rw-p 00000000 00:00 0 
7fcbbb032000-7fcbbb232000 rw-p 00000000 00:00 0 
7fcbbb232000-7fcbbb432000 rw-p 00000000 00:00 0 
7fcbbb432000-7fcbbb632000 rw-p 00000000 00:00 0 
7fcbbb632000-7fcbbb636000 ---p 00000000 00:00 0 
7fcbbb636000-7fcbbb733000 rw-p 00000000 00:00 0 
7fcbbb733000-7fcbbb737000 ---p 00000000 00:00 0 
7fcbbb737000-7fcbbba34000 rw-p 00000000 00:00 0 
7fcbbba34000-7fcbbbc34000 rw-p 00000000 00:00 0 
7fcbbbc34000-7fcbbbc38000 ---p 00000000 00:00 0 
7fcbbbc38000-7fcbbbd35000 rw-p 00000000 00:00 0 
7fcbbbd35000-7fcbbbd39000 ---p 00000000 00:00 0 
7fcbbbd39000-7fcbbc036000 rw-p 00000000 00:00 0 
7fcbbc036000-7fcbbc236000 rw-p 00000000 00:00 0 
7fcbbc236000-7fcbbc436000 rw-p 00000000 00:00 0 
7fcbbc436000-7fcbbc43a000 ---p 00000000 00:00 0 
7fcbbc43a000-7fcbbc737000 rw-p 00000000 00:00 0 
7fcbbc737000-7fcbbc937000 rw-p 00000000 00:00 0 
7fcbbc937000-7fcbbcb37000 rw-p 00000000 00:00 0 
7fcbbcb37000-7fcbbcd37000 rw-p 00000000 00:00 0 
7fcbbcd37000-7fcbbcd3b000 ---p 00000000 00:00 0 
7fcbbcd3b000-7fcbbce38000 rw-p 00000000 00:00 0 
7fcbbce38000-7fcbbce3c000 ---p 00000000 00:00 0 
7fcbbce3c000-7fcbbd139000 rw-p 00000000 00:00 0 
7fcbbd139000-7fcbbd13d000 ---p 00000000 00:00 0 
7fcbbd13d000-7fcbbd23a000 rw-p 00000000 00:00 0 
7fcbbd23a000-7fcbbd23e000 ---p 00000000 00:00 0 
7fcbbd23e000-7fcbbd33b000 rw-p 00000000 00:00 0 
7fcbbd33b000-7fcbbd33f000 ---p 00000000 00:00 0 
7fcbbd33f000-7fcbbd43c000 rw-p 00000000 00:00 0 
7fcbbd43c000-7fcbbd440000 ---p 00000000 00:00 0 
7fcbbd440000-7fcbbd73d000 rw-p 00000000 00:00 0 
7fcbbd73d000-7fcbbd741000 ---p 00000000 00:00 0 
7fcbbd741000-7fcbbd83e000 rw-p 00000000 00:00 0 
7fcbbd83e000-7fcbbd842000 ---p 00000000 00:00 0 
7fcbbd842000-7fcbbd93f000 rw-p 00000000 00:00 0 
7fcbbd93f000-7fcbbd943000 ---p 00000000 00:00 0 
7fcbbd943000-7fcbbdc40000 rw-p 00000000 00:00 0 
7fcbbdc40000-7fcbbdc44000 ---p 00000000 00:00 0 
7fcbbdc44000-7fcbbdf41000 rw-p 00000000 00:00 0 
7fcbbdf41000-7fcbbdf45000 ---p 00000000 00:00 0 
7fcbbdf45000-7fcbbe042000 rw-p 00000000 00:00 0 
7fcbbe042000-7fcbbe046000 ---p 00000000 00:00 0 
7fcbbe046000-7fcbbe343000 rw-p 00000000 00:00 0 
7fcbbe343000-7fcbbe347000 ---p 00000000 00:00 0 
7fcbbe347000-7fcbbe444000 rw-p 00000000 00:00 0 
7fcbbe444000-7fcbbe448000 ---p 00000000 00:00 0 
7fcbbe448000-7fcbbe545000 rw-p 00000000 00:00 0 
7fcbbe545000-7fcbbe549000 ---p 00000000 00:00 0 
7fcbbe549000-7fcbbe646000 rw-p 00000000 00:00 0 
7fcbbe646000-7fcbbe64a000 ---p 00000000 00:00 0 
7fcbbe64a000-7fcbbe747000 rw-p 00000000 00:00 0 
7fcbbe747000-7fcbbe74b000 ---p 00000000 00:00 0 
7fcbbe74b000-7fcbbe848000 rw-p 00000000 00:00 0 
7fcbbe848000-7fcbbe84c000 ---p 00000000 00:00 0 
7fcbbe84c000-7fcbbeb49000 rw-p 00000000 00:00 0 
7fcbbeb49000-7fcbbeb4d000 ---p 00000000 00:00 0 
7fcbbeb4d000-7fcbbec4a000 rw-p 00000000 00:00 0 
7fcbbec4a000-7fcbbec4e000 ---p 00000000 00:00 0 
7fcbbec4e000-7fcbbed4b000 rw-p 00000000 00:00 0 
7fcbbed4b000-7fcbbed4f000 ---p 00000000 00:00 0 
7fcbbed4f000-7fcbbee4c000 rw-p 00000000 00:00 0 
7fcbbee4c000-7fcbbee4e000 r-xp 00000000 08:04 2105099                    /home/emobilis/Desktop/android-studio/jre/lib/libextnet.so
7fcbbee4e000-7fcbbf04d000 ---p 00002000 08:04 2105099                    /home/emobilis/Desktop/android-studio/jre/lib/libextnet.so
7fcbbf04d000-7fcbbf04e000 r--p 00001000 08:04 2105099                    /home/emobilis/Desktop/android-studio/jre/lib/libextnet.so
7fcbbf04e000-7fcbbf04f000 rw-p 00002000 08:04 2105099                    /home/emobilis/Desktop/android-studio/jre/lib/libextnet.so
7fcbbf04f000-7fcbbf24f000 rw-p 00000000 00:00 0 
7fcbbf24f000-7fcbbf254000 r-xp 00000000 08:04 2107393                    /home/emobilis/Desktop/android-studio/jre/lib/libmanagement_ext.so
7fcbbf254000-7fcbbf453000 ---p 00005000 08:04 2107393                    /home/emobilis/Desktop/android-studio/jre/lib/libmanagement_ext.so
7fcbbf453000-7fcbbf454000 r--p 00004000 08:04 2107393                    /home/emobilis/Desktop/android-studio/jre/lib/libmanagement_ext.so
7fcbbf454000-7fcbbf455000 rw-p 00005000 08:04 2107393                    /home/emobilis/Desktop/android-studio/jre/lib/libmanagement_ext.so
7fcbbf455000-7fcbbf459000 r-xp 00000000 08:04 2105093                    /home/emobilis/Desktop/android-studio/jre/lib/libmanagement.so
7fcbbf459000-7fcbbf658000 ---p 00004000 08:04 2105093                    /home/emobilis/Desktop/android-studio/jre/lib/libmanagement.so
7fcbbf658000-7fcbbf659000 r--p 00003000 08:04 2105093                    /home/emobilis/Desktop/android-studio/jre/lib/libmanagement.so
7fcbbf659000-7fcbbf65a000 rw-p 00004000 08:04 2105093                    /home/emobilis/Desktop/android-studio/jre/lib/libmanagement.so
7fcbbf65a000-7fcbbf85a000 rw-p 00000000 00:00 0 
7fcbbf85a000-7fcbbfa5a000 rw-p 00000000 00:00 0 
7fcbbfa5a000-7fcbbfa71000 r-xp 00000000 08:04 1184777                    /lib/x86_64-linux-gnu/libgcc_s.so.1
7fcbbfa71000-7fcbbfc70000 ---p 00017000 08:04 1184777                    /lib/x86_64-linux-gnu/libgcc_s.so.1
7fcbbfc70000-7fcbbfc71000 r--p 00016000 08:04 1184777                    /lib/x86_64-linux-gnu/libgcc_s.so.1
7fcbbfc71000-7fcbbfc72000 rw-p 00017000 08:04 1184777                    /lib/x86_64-linux-gnu/libgcc_s.so.1
7fcbbfc72000-7fcbbfdf0000 r-xp 00000000 08:04 1448349                    /usr/lib/x86_64-linux-gnu/libstdc++.so.6.0.25
7fcbbfdf0000-7fcbbfff0000 ---p 0017e000 08:04 1448349                    /usr/lib/x86_64-linux-gnu/libstdc++.so.6.0.25
7fcbbfff0000-7fcbbfffa000 r--p 0017e000 08:04 1448349                    /usr/lib/x86_64-linux-gnu/libstdc++.so.6.0.25
7fcbbfffa000-7fcbbfffc000 rw-p 00188000 08:04 1448349                    /usr/lib/x86_64-linux-gnu/libstdc++.so.6.0.25
7fcbbfffc000-7fcbc0000000 rw-p 00000000 00:00 0 
7fcbc0000000-7fcbc0024000 rw-p 00000000 00:00 0 
7fcbc0024000-7fcbc4000000 ---p 00000000 00:00 0 
7fcbc4000000-7fcbc407e000 rw-p 00000000 00:00 0 
7fcbc407e000-7fcbc8000000 ---p 00000000 00:00 0 
7fcbc8000000-7fcbca46c000 rw-p 00000000 00:00 0 
7fcbca46c000-7fcbcc000000 ---p 00000000 00:00 0 
7fcbcc000000-7fcbcc66a000 rw-p 00000000 00:00 0 
7fcbcc66a000-7fcbd0000000 ---p 00000000 00:00 0 
7fcbd0000000-7fcbd003f000 rw-p 00000000 00:00 0 
7fcbd003f000-7fcbd4000000 ---p 00000000 00:00 0 
7fcbd4000000-7fcbd4021000 rw-p 00000000 00:00 0 
7fcbd4021000-7fcbd8000000 ---p 00000000 00:00 0 
7fcbd8000000-7fcbda3ef000 rw-p 00000000 00:00 0 
7fcbda3ef000-7fcbdc000000 ---p 00000000 00:00 0 
7fcbdc000000-7fcbdc02a000 rw-p 00000000 00:00 0 
7fcbdc02a000-7fcbe0000000 ---p 00000000 00:00 0 
7fcbe0000000-7fcbe0021000 rw-p 00000000 00:00 0 
7fcbe0021000-7fcbe4000000 ---p 00000000 00:00 0 
7fcbe4000000-7fcbe4626000 rw-p 00000000 00:00 0 
7fcbe4626000-7fcbe8000000 ---p 00000000 00:00 0 
7fcbe8000000-7fcbe807a000 rw-p 00000000 00:00 0 
7fcbe807a000-7fcbec000000 ---p 00000000 00:00 0 
7fcbec064000-7fcbec068000 ---p 00000000 00:00 0 
7fcbec068000-7fcbec165000 rw-p 00000000 00:00 0 
7fcbec165000-7fcbec1b6000 r-xp 00000000 08:04 2010257                    /home/emobilis/.gradle/native/53dbd7edfb1c66fb8903c78663c9afc45aea4f116125fa6feffd364cf09443e8/linux-amd64/libnative-platform-file-events.so
7fcbec1b6000-7fcbec3b6000 ---p 00051000 08:04 2010257                    /home/emobilis/.gradle/native/53dbd7edfb1c66fb8903c78663c9afc45aea4f116125fa6feffd364cf09443e8/linux-amd64/libnative-platform-file-events.so
7fcbec3b6000-7fcbec3b7000 r--p 00051000 08:04 2010257                    /home/emobilis/.gradle/native/53dbd7edfb1c66fb8903c78663c9afc45aea4f116125fa6feffd364cf09443e8/linux-amd64/libnative-platform-file-events.so
7fcbec3b7000-7fcbec3b9000 rw-p 00052000 08:04 2010257                    /home/emobilis/.gradle/native/53dbd7edfb1c66fb8903c78663c9afc45aea4f116125fa6feffd364cf09443e8/linux-amd64/libnative-platform-file-events.so
7fcbec3b9000-7fcbec3be000 r-xp 00000000 08:04 2010255                    /home/emobilis/.gradle/native/8bec1ad78214c89d9ad589b4d07fe93259594b29d510b10fafb7a158f7737e5d/linux-amd64/libnative-platform.so
7fcbec3be000-7fcbec5be000 ---p 00005000 08:04 2010255                    /home/emobilis/.gradle/native/8bec1ad78214c89d9ad589b4d07fe93259594b29d510b10fafb7a158f7737e5d/linux-amd64/libnative-platform.so
7fcbec5be000-7fcbec5bf000 r--p 00005000 08:04 2010255                    /home/emobilis/.gradle/native/8bec1ad78214c89d9ad589b4d07fe93259594b29d510b10fafb7a158f7737e5d/linux-amd64/libnative-platform.so
7fcbec5bf000-7fcbec5c0000 rw-p 00006000 08:04 2010255                    /home/emobilis/.gradle/native/8bec1ad78214c89d9ad589b4d07fe93259594b29d510b10fafb7a158f7737e5d/linux-amd64/libnative-platform.so
7fcbec5c0000-7fcbec5c1000 ---p 00000000 00:00 0 
7fcbec5c1000-7fcbec6c2000 rw-p 00000000 00:00 0 
7fcbec6c2000-7fcbec6d6000 r-xp 00000000 08:04 2183311                    /home/emobilis/Desktop/android-studio/jre/lib/libnet.so
7fcbec6d6000-7fcbec8d5000 ---p 00014000 08:04 2183311                    /home/emobilis/Desktop/android-studio/jre/lib/libnet.so
7fcbec8d5000-7fcbec8d6000 r--p 00013000 08:04 2183311                    /home/emobilis/Desktop/android-studio/jre/lib/libnet.so
7fcbec8d6000-7fcbec8d7000 rw-p 00014000 08:04 2183311                    /home/emobilis/Desktop/android-studio/jre/lib/libnet.so
7fcbec8d7000-7fcbec8e6000 r-xp 00000000 08:04 2105122                    /home/emobilis/Desktop/android-studio/jre/lib/libnio.so
7fcbec8e6000-7fcbecae5000 ---p 0000f000 08:04 2105122                    /home/emobilis/Desktop/android-studio/jre/lib/libnio.so
7fcbecae5000-7fcbecae6000 r--p 0000e000 08:04 2105122                    /home/emobilis/Desktop/android-studio/jre/lib/libnio.so
7fcbecae6000-7fcbecae7000 rw-p 0000f000 08:04 2105122                    /home/emobilis/Desktop/android-studio/jre/lib/libnio.so
7fcbecae7000-7fcbecae8000 ---p 00000000 00:00 0 
7fcbecae8000-7fcbecbe9000 rw-p 00000000 00:00 0 
7fcbecbe9000-7fcbecbed000 ---p 00000000 00:00 0 
7fcbecbed000-7fcbeccea000 rw-p 00000000 00:00 0 
7fcbeccea000-7fcbeccee000 ---p 00000000 00:00 0 
7fcbeccee000-7fcbecdeb000 rw-p 00000000 00:00 0 
7fcbecdeb000-7fcbecdef000 ---p 00000000 00:00 0 
7fcbecdef000-7fcbeceec000 rw-p 00000000 00:00 0 
7fcbeceec000-7fcbecef0000 ---p 00000000 00:00 0 
7fcbecef0000-7fcbecfed000 rw-p 00000000 00:00 0 
7fcbecfed000-7fcbecff1000 ---p 00000000 00:00 0 
7fcbecff1000-7fcbed0ee000 rw-p 00000000 00:00 0 
7fcbed0ee000-7fcbed0f2000 ---p 00000000 00:00 0 
7fcbed0f2000-7fcbed1ef000 rw-p 00000000 00:00 0 
7fcbed1ef000-7fcbed5fe000 r--p 00000000 08:04 1445872                    /usr/lib/locale/locale-archive
7fcbed5fe000-7fcbed602000 ---p 00000000 00:00 0 
7fcbed602000-7fcbed6ff000 rw-p 00000000 00:00 0 
7fcbed6ff000-7fcbed703000 ---p 00000000 00:00 0 
7fcbed703000-7fcbf0000000 rw-p 00000000 00:00 0 
7fcbf0000000-7fcbf0021000 rw-p 00000000 00:00 0 
7fcbf0021000-7fcbf4000000 ---p 00000000 00:00 0 
7fcbf4000000-7fcbf414e000 rw-p 00000000 00:00 0 
7fcbf414e000-7fcbf8000000 ---p 00000000 00:00 0 
7fcbf8000000-7fcbf8350000 rw-p 00000000 00:00 0 
7fcbf8350000-7fcbfa000000 ---p 00000000 00:00 0 
7fcbfa000000-7fcbfa350000 rw-p 00000000 00:00 0 
7fcbfa350000-7fcbfc000000 ---p 00000000 00:00 0 
7fcbfc000000-7fcbfc088000 rw-p 00000000 00:00 0 
7fcbfc088000-7fcc00000000 ---p 00000000 00:00 0 
7fcc00049000-7fcc0004a000 ---p 00000000 00:00 0 
7fcc0004a000-7fcc00227000 rw-p 00000000 00:00 0 
7fcc00227000-7fcc00228000 ---p 00000000 00:00 0 
7fcc00228000-7fcc00329000 rw-p 00000000 00:00 0 
7fcc00329000-7fcc0032a000 ---p 00000000 00:00 0 
7fcc0032a000-7fcc0062d000 rw-p 00000000 00:00 0 
7fcc0062d000-7fcc0062e000 ---p 00000000 00:00 0 
7fcc0062e000-7fcc0072f000 rw-p 00000000 00:00 0 
7fcc0072f000-7fcc00730000 ---p 00000000 00:00 0 
7fcc00730000-7fcc0089b000 rw-p 00000000 00:00 0 
7fcc0089b000-7fcc00c31000 ---p 00000000 00:00 0 
7fcc00c31000-7fcc00c9b000 rw-p 00000000 00:00 0 
7fcc00c9b000-7fcc01031000 ---p 00000000 00:00 0 
7fcc01031000-7fcc0109b000 rw-p 00000000 00:00 0 
7fcc0109b000-7fcc01431000 ---p 00000000 00:00 0 
7fcc01431000-7fcc01532000 rw-p 00000000 00:00 0 
7fcc01532000-7fcc017a2000 rwxp 00000000 00:00 0 
7fcc017a2000-7fcc01ac1000 ---p 00000000 00:00 0 
7fcc01ac1000-7fcc03201000 rwxp 00000000 00:00 0 
7fcc03201000-7fcc08ff9000 ---p 00000000 00:00 0 
7fcc08ff9000-7fcc095f9000 rwxp 00000000 00:00 0 
7fcc095f9000-7fcc10532000 ---p 00000000 00:00 0 
7fcc10532000-7fcc14000000 r--s 00000000 08:04 2183313                    /home/emobilis/Desktop/android-studio/jre/lib/modules
7fcc14000000-7fcc15350000 rw-p 00000000 00:00 0 
7fcc15350000-7fcc18000000 ---p 00000000 00:00 0 
7fcc18018000-7fcc1801f000 r--s 00000000 08:04 1836850                    /usr/lib/x86_64-linux-gnu/gconv/gconv-modules.cache
7fcc1801f000-7fcc18120000 rw-p 00000000 00:00 0 
7fcc18120000-7fcc18121000 ---p 00000000 00:00 0 
7fcc18121000-7fcc1822e000 rw-p 00000000 00:00 0 
7fcc1822e000-7fcc1830d000 ---p 00000000 00:00 0 
7fcc1830d000-7fcc1833c000 rw-p 00000000 00:00 0 
7fcc1833c000-7fcc183f8000 ---p 00000000 00:00 0 
7fcc183f8000-7fcc18414000 r-xp 00000000 08:04 2183310                    /home/emobilis/Desktop/android-studio/jre/lib/libzip.so
7fcc18414000-7fcc18613000 ---p 0001c000 08:04 2183310                    /home/emobilis/Desktop/android-studio/jre/lib/libzip.so
7fcc18613000-7fcc18614000 r--p 0001b000 08:04 2183310                    /home/emobilis/Desktop/android-studio/jre/lib/libzip.so
7fcc18614000-7fcc18615000 rw-p 0001c000 08:04 2183310                    /home/emobilis/Desktop/android-studio/jre/lib/libzip.so
7fcc18615000-7fcc18620000 r-xp 00000000 08:04 1184830                    /lib/x86_64-linux-gnu/libnss_files-2.27.so
7fcc18620000-7fcc1881f000 ---p 0000b000 08:04 1184830                    /lib/x86_64-linux-gnu/libnss_files-2.27.so
7fcc1881f000-7fcc18820000 r--p 0000a000 08:04 1184830                    /lib/x86_64-linux-gnu/libnss_files-2.27.so
7fcc18820000-7fcc18821000 rw-p 0000b000 08:04 1184830                    /lib/x86_64-linux-gnu/libnss_files-2.27.so
7fcc18821000-7fcc18827000 rw-p 00000000 00:00 0 
7fcc18827000-7fcc1883e000 r-xp 00000000 08:04 1184824                    /lib/x86_64-linux-gnu/libnsl-2.27.so
7fcc1883e000-7fcc18a3d000 ---p 00017000 08:04 1184824                    /lib/x86_64-linux-gnu/libnsl-2.27.so
7fcc18a3d000-7fcc18a3e000 r--p 00016000 08:04 1184824                    /lib/x86_64-linux-gnu/libnsl-2.27.so
7fcc18a3e000-7fcc18a3f000 rw-p 00017000 08:04 1184824                    /lib/x86_64-linux-gnu/libnsl-2.27.so
7fcc18a3f000-7fcc18a41000 rw-p 00000000 00:00 0 
7fcc18a41000-7fcc18a4c000 r-xp 00000000 08:04 1184841                    /lib/x86_64-linux-gnu/libnss_nis-2.27.so
7fcc18a4c000-7fcc18c4b000 ---p 0000b000 08:04 1184841                    /lib/x86_64-linux-gnu/libnss_nis-2.27.so
7fcc18c4b000-7fcc18c4c000 r--p 0000a000 08:04 1184841                    /lib/x86_64-linux-gnu/libnss_nis-2.27.so
7fcc18c4c000-7fcc18c4d000 rw-p 0000b000 08:04 1184841                    /lib/x86_64-linux-gnu/libnss_nis-2.27.so
7fcc18c4d000-7fcc18c55000 r-xp 00000000 08:04 1184826                    /lib/x86_64-linux-gnu/libnss_compat-2.27.so
7fcc18c55000-7fcc18e55000 ---p 00008000 08:04 1184826                    /lib/x86_64-linux-gnu/libnss_compat-2.27.so
7fcc18e55000-7fcc18e56000 r--p 00008000 08:04 1184826                    /lib/x86_64-linux-gnu/libnss_compat-2.27.so
7fcc18e56000-7fcc18e57000 rw-p 00009000 08:04 1184826                    /lib/x86_64-linux-gnu/libnss_compat-2.27.so
7fcc18e57000-7fcc18e74000 r-xp 00000000 08:04 2105115                    /home/emobilis/Desktop/android-studio/jre/lib/libjimage.so
7fcc18e74000-7fcc19073000 ---p 0001d000 08:04 2105115                    /home/emobilis/Desktop/android-studio/jre/lib/libjimage.so
7fcc19073000-7fcc19075000 r--p 0001c000 08:04 2105115                    /home/emobilis/Desktop/android-studio/jre/lib/libjimage.so
7fcc19075000-7fcc19076000 rw-p 0001e000 08:04 2105115                    /home/emobilis/Desktop/android-studio/jre/lib/libjimage.so
7fcc19076000-7fcc19088000 rw-p 00000000 00:00 0 
7fcc19088000-7fcc190ad000 r-xp 00000000 08:04 2183294                    /home/emobilis/Desktop/android-studio/jre/lib/libjava.so
7fcc190ad000-7fcc192ad000 ---p 00025000 08:04 2183294                    /home/emobilis/Desktop/android-studio/jre/lib/libjava.so
7fcc192ad000-7fcc192ae000 r--p 00025000 08:04 2183294                    /home/emobilis/Desktop/android-studio/jre/lib/libjava.so
7fcc192ae000-7fcc192af000 rw-p 00026000 08:04 2183294                    /home/emobilis/Desktop/android-studio/jre/lib/libjava.so
7fcc192af000-7fcc192bc000 r-xp 00000000 08:04 2105106                    /home/emobilis/Desktop/android-studio/jre/lib/libverify.so
7fcc192bc000-7fcc194bc000 ---p 0000d000 08:04 2105106                    /home/emobilis/Desktop/android-studio/jre/lib/libverify.so
7fcc194bc000-7fcc194be000 r--p 0000d000 08:04 2105106                    /home/emobilis/Desktop/android-studio/jre/lib/libverify.so
7fcc194be000-7fcc194bf000 rw-p 0000f000 08:04 2105106                    /home/emobilis/Desktop/android-studio/jre/lib/libverify.so
7fcc194bf000-7fcc194c6000 r-xp 00000000 08:04 1184881                    /lib/x86_64-linux-gnu/librt-2.27.so
7fcc194c6000-7fcc196c5000 ---p 00007000 08:04 1184881                    /lib/x86_64-linux-gnu/librt-2.27.so
7fcc196c5000-7fcc196c6000 r--p 00006000 08:04 1184881                    /lib/x86_64-linux-gnu/librt-2.27.so
7fcc196c6000-7fcc196c7000 rw-p 00007000 08:04 1184881                    /lib/x86_64-linux-gnu/librt-2.27.so
7fcc196c7000-7fcc19864000 r-xp 00000000 08:04 1184803                    /lib/x86_64-linux-gnu/libm-2.27.so
7fcc19864000-7fcc19a63000 ---p 0019d000 08:04 1184803                    /lib/x86_64-linux-gnu/libm-2.27.so
7fcc19a63000-7fcc19a64000 r--p 0019c000 08:04 1184803                    /lib/x86_64-linux-gnu/libm-2.27.so
7fcc19a64000-7fcc19a65000 rw-p 0019d000 08:04 1184803                    /lib/x86_64-linux-gnu/libm-2.27.so
7fcc19a65000-7fcc1a991000 r-xp 00000000 08:04 2105096                    /home/emobilis/Desktop/android-studio/jre/lib/server/libjvm.so
7fcc1a991000-7fcc1ab91000 ---p 00f2c000 08:04 2105096                    /home/emobilis/Desktop/android-studio/jre/lib/server/libjvm.so
7fcc1ab91000-7fcc1ac55000 r--p 00f2c000 08:04 2105096                    /home/emobilis/Desktop/android-studio/jre/lib/server/libjvm.so
7fcc1ac55000-7fcc1ac8c000 rw-p 00ff0000 08:04 2105096                    /home/emobilis/Desktop/android-studio/jre/lib/server/libjvm.so
7fcc1ac8c000-7fcc1acf4000 rw-p 00000000 00:00 0 
7fcc1acf4000-7fcc1aedb000 r-xp 00000000 08:04 1184740                    /lib/x86_64-linux-gnu/libc-2.27.so
7fcc1aedb000-7fcc1b0db000 ---p 001e7000 08:04 1184740                    /lib/x86_64-linux-gnu/libc-2.27.so
7fcc1b0db000-7fcc1b0df000 r--p 001e7000 08:04 1184740                    /lib/x86_64-linux-gnu/libc-2.27.so
7fcc1b0df000-7fcc1b0e1000 rw-p 001eb000 08:04 1184740                    /lib/x86_64-linux-gnu/libc-2.27.so
7fcc1b0e1000-7fcc1b0e5000 rw-p 00000000 00:00 0 
7fcc1b0e5000-7fcc1b0e8000 r-xp 00000000 08:04 1184763                    /lib/x86_64-linux-gnu/libdl-2.27.so
7fcc1b0e8000-7fcc1b2e7000 ---p 00003000 08:04 1184763                    /lib/x86_64-linux-gnu/libdl-2.27.so
7fcc1b2e7000-7fcc1b2e8000 r--p 00002000 08:04 1184763                    /lib/x86_64-linux-gnu/libdl-2.27.so
7fcc1b2e8000-7fcc1b2e9000 rw-p 00003000 08:04 1184763                    /lib/x86_64-linux-gnu/libdl-2.27.so
7fcc1b2e9000-7fcc1b2ff000 r-xp 00000000 08:04 2183314                    /home/emobilis/Desktop/android-studio/jre/lib/jli/libjli.so
7fcc1b2ff000-7fcc1b4fe000 ---p 00016000 08:04 2183314                    /home/emobilis/Desktop/android-studio/jre/lib/jli/libjli.so
7fcc1b4fe000-7fcc1b4ff000 r--p 00015000 08:04 2183314                    /home/emobilis/Desktop/android-studio/jre/lib/jli/libjli.so
7fcc1b4ff000-7fcc1b500000 rw-p 00016000 08:04 2183314                    /home/emobilis/Desktop/android-studio/jre/lib/jli/libjli.so
7fcc1b500000-7fcc1b51a000 r-xp 00000000 08:04 1184873                    /lib/x86_64-linux-gnu/libpthread-2.27.so
7fcc1b51a000-7fcc1b719000 ---p 0001a000 08:04 1184873                    /lib/x86_64-linux-gnu/libpthread-2.27.so
7fcc1b719000-7fcc1b71a000 r--p 00019000 08:04 1184873                    /lib/x86_64-linux-gnu/libpthread-2.27.so
7fcc1b71a000-7fcc1b71b000 rw-p 0001a000 08:04 1184873                    /lib/x86_64-linux-gnu/libpthread-2.27.so
7fcc1b71b000-7fcc1b71f000 rw-p 00000000 00:00 0 
7fcc1b71f000-7fcc1b746000 r-xp 00000000 08:04 1184712                    /lib/x86_64-linux-gnu/ld-2.27.so
7fcc1b748000-7fcc1b828000 rw-p 00000000 00:00 0 
7fcc1b828000-7fcc1b82c000 ---p 00000000 00:00 0 
7fcc1b82c000-7fcc1b92d000 rw-p 00000000 00:00 0 
7fcc1b930000-7fcc1b935000 rw-p 00000000 00:00 0 
7fcc1b935000-7fcc1b93c000 ---p 00000000 00:00 0 
7fcc1b93c000-7fcc1b944000 rw-s 00000000 08:04 2271682                    /tmp/hsperfdata_emobilis/6426
7fcc1b944000-7fcc1b945000 ---p 00000000 00:00 0 
7fcc1b945000-7fcc1b946000 r--p 00000000 00:00 0 
7fcc1b946000-7fcc1b947000 r--p 00027000 08:04 1184712                    /lib/x86_64-linux-gnu/ld-2.27.so
7fcc1b947000-7fcc1b948000 rw-p 00028000 08:04 1184712                    /lib/x86_64-linux-gnu/ld-2.27.so
7fcc1b948000-7fcc1b949000 rw-p 00000000 00:00 0 
7fff6128a000-7fff612ab000 rw-p 00000000 00:00 0                          [stack]
7fff612ba000-7fff612bd000 r--p 00000000 00:00 0                          [vvar]
7fff612bd000-7fff612bf000 r-xp 00000000 00:00 0                          [vdso]
ffffffffff600000-ffffffffff601000 r-xp 00000000 00:00 0                  [vsyscall]


VM Arguments:
jvm_args: --add-opens=java.base/java.util=ALL-UNNAMED --add-opens=java.base/java.lang=ALL-UNNAMED --add-opens=java.base/java.lang.invoke=ALL-UNNAMED --add-opens=java.base/java.util=ALL-UNNAMED --add-opens=java.prefs/java.util.prefs=ALL-UNNAMED --add-opens=java.prefs/java.util.prefs=ALL-UNNAMED --add-opens=java.base/java.nio.charset=ALL-UNNAMED --add-opens=java.base/java.net=ALL-UNNAMED --add-opens=java.base/java.util.concurrent.atomic=ALL-UNNAMED -Xmx2048m -Dfile.encoding=UTF-8 -Duser.country=US -Duser.language=en -Duser.variant 
java_command: org.gradle.launcher.daemon.bootstrap.GradleDaemon 7.0.2
java_class_path (initial): /home/emobilis/.gradle/wrapper/dists/gradle-7.0.2-bin/857tjihv64xamwrf0h14cai3r/gradle-7.0.2/lib/gradle-launcher-7.0.2.jar
Launcher Type: SUN_STANDARD

[Global flags]
     intx CICompilerCount                          = 2                                         {product} {ergonomic}
     uint ConcGCThreads                            = 1                                         {product} {ergonomic}
     uint G1ConcRefinementThreads                  = 2                                         {product} {ergonomic}
   size_t G1HeapRegionSize                         = 1048576                                   {product} {ergonomic}
    uintx GCDrainStackTargetSize                   = 64                                        {product} {ergonomic}
   size_t InitialHeapSize                          = 65011712                                  {product} {ergonomic}
   size_t MarkStackSize                            = 4194304                                   {product} {ergonomic}
   size_t MaxHeapSize                              = 2147483648                                {product} {command line}
   size_t MaxNewSize                               = 1287651328                                {product} {ergonomic}
   size_t MinHeapDeltaBytes                        = 1048576                                   {product} {ergonomic}
    uintx NonNMethodCodeHeapSize                   = 5825164                                {pd product} {ergonomic}
    uintx NonProfiledCodeHeapSize                  = 122916538                              {pd product} {ergonomic}
    uintx ProfiledCodeHeapSize                     = 122916538                              {pd product} {ergonomic}
    uintx ReservedCodeCacheSize                    = 251658240                              {pd product} {ergonomic}
     bool SegmentedCodeCache                       = true                                      {product} {ergonomic}
     bool UseCompressedClassPointers               = true                                 {lp64_product} {ergonomic}
     bool UseCompressedOops                        = true                                 {lp64_product} {ergonomic}
     bool UseG1GC                                  = true                                      {product} {ergonomic}

Logging:
Log output configuration:
 #0: stdout all=warning uptime,level,tags
 #1: stderr all=off uptime,level,tags

Environment Variables:
PATH=/usr/local/sbin:/usr/local/bin:/usr/sbin:/usr/bin:/sbin:/bin:/usr/games:/usr/local/games
SHELL=/bin/bash
DISPLAY=:0
LANG=en_US.UTF-8

Signal Handlers:
SIGSEGV: [libjvm.so+0xc2dd80], sa_mask[0]=11111111011111111101111111111110, sa_flags=SA_RESTART|SA_SIGINFO
SIGBUS: [libjvm.so+0xc2dd80], sa_mask[0]=11111111011111111101111111111110, sa_flags=SA_RESTART|SA_SIGINFO
SIGFPE: [libjvm.so+0xc2dd80], sa_mask[0]=11111111011111111101111111111110, sa_flags=SA_RESTART|SA_SIGINFO
SIGPIPE: [libjvm.so+0xa839f0], sa_mask[0]=11111111011111111101111111111110, sa_flags=SA_RESTART|SA_SIGINFO
SIGXFSZ: [libjvm.so+0xa839f0], sa_mask[0]=11111111011111111101111111111110, sa_flags=SA_RESTART|SA_SIGINFO
SIGILL: [libjvm.so+0xc2dd80], sa_mask[0]=11111111011111111101111111111110, sa_flags=SA_RESTART|SA_SIGINFO
SIGUSR2: [libjvm.so+0xa840d0], sa_mask[0]=00100000000000000000000000000000, sa_flags=SA_RESTART|SA_SIGINFO
SIGHUP: [libjvm.so+0xa80ac0], sa_mask[0]=11111111011111111101111111111110, sa_flags=SA_RESTART|SA_SIGINFO
SIGINT: [libjvm.so+0xa80ac0], sa_mask[0]=11111111011111111101111111111110, sa_flags=SA_RESTART|SA_SIGINFO
SIGTERM: [libjvm.so+0xa80ac0], sa_mask[0]=11111111011111111101111111111110, sa_flags=SA_RESTART|SA_SIGINFO
SIGQUIT: [libjvm.so+0xa80ac0], sa_mask[0]=11111111011111111101111111111110, sa_flags=SA_RESTART|SA_SIGINFO


---------------  S Y S T E M  ---------------

OS:DISTRIB_ID=LinuxMint
DISTRIB_RELEASE=19
DISTRIB_CODENAME=tara
DISTRIB_DESCRIPTION="Linux Mint 19 Tara"
uname:Linux 4.15.0-20-generic #21-Ubuntu SMP Tue Apr 24 06:16:15 UTC 2018 x86_64
OS uptime: 0 days 4:02 hours
libc:glibc 2.27 NPTL 2.27 
rlimit (soft/hard): STACK 8192k/infinity , CORE 0k/infinity , NPROC 15117/15117 , NOFILE 1048576/1048576 , AS infinity/infinity , CPU infinity/infinity , DATA infinity/infinity , FSIZE infinity/infinity , MEMLOCK 16384k/16384k
load average:12.70 5.20 2.46

/proc/meminfo:
MemTotal:        3932896 kB
MemFree:          106860 kB
MemAvailable:      23984 kB
Buffers:            1544 kB
Cached:           150228 kB
SwapCached:        15240 kB
Active:          3042988 kB
Inactive:         621828 kB
Active(anon):    3026448 kB
Inactive(anon):   605336 kB
Active(file):      16540 kB
Inactive(file):    16492 kB
Unevictable:         100 kB
Mlocked:             100 kB
SwapTotal:        999420 kB
SwapFree:              0 kB
Dirty:               344 kB
Writeback:             0 kB
AnonPages:       3498044 kB
Mapped:            62016 kB
Shmem:            118724 kB
Slab:              73088 kB
SReclaimable:      37076 kB
SUnreclaim:        36012 kB
KernelStack:       10384 kB
PageTables:        43476 kB
NFS_Unstable:          0 kB
Bounce:                0 kB
WritebackTmp:          0 kB
CommitLimit:     2965868 kB
Committed_AS:    8349476 kB
VmallocTotal:   34359738367 kB
VmallocUsed:           0 kB
VmallocChunk:          0 kB
HardwareCorrupted:     0 kB
AnonHugePages:         0 kB
ShmemHugePages:        0 kB
ShmemPmdMapped:        0 kB
CmaTotal:              0 kB
CmaFree:               0 kB
HugePages_Total:       0
HugePages_Free:        0
HugePages_Rsvd:        0
HugePages_Surp:        0
Hugepagesize:       2048 kB
DirectMap4k:      151172 kB
DirectMap2M:     3936256 kB

/sys/kernel/mm/transparent_hugepage/enabled:
always [madvise] never
/sys/kernel/mm/transparent_hugepage/defrag (defrag/compaction efforts parameter):
always defer defer+madvise [madvise] never

/proc/sys/kernel/threads-max (system-wide limit on the number of threads):
30235
/proc/sys/vm/max_map_count (maximum number of memory map areas a process may have):
65530
/proc/sys/kernel/pid_max (system-wide limit on number of process identifiers):
32768

container (cgroup) information:
container_type: cgroupv1
cpu_cpuset_cpus: 0-1
cpu_memory_nodes: 0
active_processor_count: 2
cpu_quota: -1
cpu_period: 100000
cpu_shares: -1
memory_limit_in_bytes: -1
memory_and_swap_limit_in_bytes: -2
memory_soft_limit_in_bytes: -1
memory_usage_in_bytes: 3739557888
memory_max_usage_in_bytes: 0

Steal ticks since vm start: 0
Steal ticks percentage since vm start:  0.000

CPU:total 2 (initial active 2) (2 cores per cpu, 1 threads per core) family 6 model 23 stepping 10 microcode 0xa07, cmov, cx8, fxsr, mmx, sse, sse2, sse3, ssse3, sse4.1, tsc
CPU Model and flags from /proc/cpuinfo:
model name	: Intel(R) Core(TM)2 Duo CPU     E7500  @ 2.93GHz
flags		: fpu vme de pse tsc msr pae mce cx8 apic sep mtrr pge mca cmov pat pse36 clflush dts acpi mmx fxsr sse sse2 ss ht tm pbe syscall nx lm constant_tsc arch_perfmon pebs bts rep_good nopl cpuid aperfmperf pni dtes64 monitor ds_cpl vmx est tm2 ssse3 cx16 xtpr pdcm sse4_1 xsave lahf_lm pti tpr_shadow vnmi flexpriority dtherm
Online cpus:
0-1
Offline cpus:
2-3
BIOS frequency limitation:
2933000
Frequency switch latency (ns):
10000
Available cpu frequencies:
2933000 2128000 1596000 
Current governor:
ondemand
Core performance/turbo boost:
<Not Available>

Memory: 4k page, physical 3932896k(105496k free), swap 999420k(0k free)

vm_info: OpenJDK 64-Bit Server VM (11.0.10+0-b96-7249189) for linux-amd64 JRE (11.0.10+0-b96-7249189), built on Mar 31 2021 19:21:57 by "androidbuild" with gcc Android (6875598, based on r399163b) Clang 11.0.5 (https://android.googlesource.com/toolchain/llvm-project 87f1315dfbea7c137aa2e6d362dbb457e388158d)

END.
